Start testing: May 06 18:45 MSK
----------------------------------------------------------
1/80 Testing: ParserTestSuite.EmptyTest
1/80 Test: ParserTestSuite.EmptyTest
Command: "/home/yaroslav/pizh2312_petrischev/labwork6/build/tests/parser_tests" "--gtest_filter=ParserTestSuite.EmptyTest" "--gtest_also_run_disabled_tests"
Directory: /home/yaroslav/pizh2312_petrischev/labwork6/build/tests
"ParserTestSuite.EmptyTest" start time: May 06 18:45 MSK
Output:
----------------------------------------------------------
Running main() from /home/yaroslav/pizh2312_petrischev/labwork6/build/_deps/googletest-src/googletest/src/gtest_main.cc
Note: Google Test filter = ParserTestSuite.EmptyTest
[==========] Running 1 test from 1 test suite.
[----------] Global test environment set-up.
[----------] 1 test from ParserTestSuite
[ RUN      ] ParserTestSuite.EmptyTest
[       OK ] ParserTestSuite.EmptyTest (0 ms)
[----------] 1 test from ParserTestSuite (0 ms total)

[----------] Global test environment tear-down
[==========] 1 test from 1 test suite ran. (0 ms total)
[  PASSED  ] 1 test.
<end of output>
Test time =   0.00 sec
----------------------------------------------------------
Test Passed.
"ParserTestSuite.EmptyTest" end time: May 06 18:45 MSK
"ParserTestSuite.EmptyTest" time elapsed: 00:00:00
----------------------------------------------------------

2/80 Testing: ParserTestSuite.IntTest
2/80 Test: ParserTestSuite.IntTest
Command: "/home/yaroslav/pizh2312_petrischev/labwork6/build/tests/parser_tests" "--gtest_filter=ParserTestSuite.IntTest" "--gtest_also_run_disabled_tests"
Directory: /home/yaroslav/pizh2312_petrischev/labwork6/build/tests
"ParserTestSuite.IntTest" start time: May 06 18:45 MSK
Output:
----------------------------------------------------------
Running main() from /home/yaroslav/pizh2312_petrischev/labwork6/build/_deps/googletest-src/googletest/src/gtest_main.cc
Note: Google Test filter = ParserTestSuite.IntTest
[==========] Running 1 test from 1 test suite.
[----------] Global test environment set-up.
[----------] 1 test from ParserTestSuite
[ RUN      ] ParserTestSuite.IntTest
[       OK ] ParserTestSuite.IntTest (0 ms)
[----------] 1 test from ParserTestSuite (0 ms total)

[----------] Global test environment tear-down
[==========] 1 test from 1 test suite ran. (0 ms total)
[  PASSED  ] 1 test.
<end of output>
Test time =   0.00 sec
----------------------------------------------------------
Test Passed.
"ParserTestSuite.IntTest" end time: May 06 18:45 MSK
"ParserTestSuite.IntTest" time elapsed: 00:00:00
----------------------------------------------------------

3/80 Testing: ParserTestSuite.InvalidIntTest
3/80 Test: ParserTestSuite.InvalidIntTest
Command: "/home/yaroslav/pizh2312_petrischev/labwork6/build/tests/parser_tests" "--gtest_filter=ParserTestSuite.InvalidIntTest" "--gtest_also_run_disabled_tests"
Directory: /home/yaroslav/pizh2312_petrischev/labwork6/build/tests
"ParserTestSuite.InvalidIntTest" start time: May 06 18:45 MSK
Output:
----------------------------------------------------------
Running main() from /home/yaroslav/pizh2312_petrischev/labwork6/build/_deps/googletest-src/googletest/src/gtest_main.cc
Note: Google Test filter = ParserTestSuite.InvalidIntTest
[==========] Running 1 test from 1 test suite.
[----------] Global test environment set-up.
[----------] 1 test from ParserTestSuite
[ RUN      ] ParserTestSuite.InvalidIntTest
[       OK ] ParserTestSuite.InvalidIntTest (0 ms)
[----------] 1 test from ParserTestSuite (0 ms total)

[----------] Global test environment tear-down
[==========] 1 test from 1 test suite ran. (0 ms total)
[  PASSED  ] 1 test.
<end of output>
Test time =   0.00 sec
----------------------------------------------------------
Test Passed.
"ParserTestSuite.InvalidIntTest" end time: May 06 18:45 MSK
"ParserTestSuite.InvalidIntTest" time elapsed: 00:00:00
----------------------------------------------------------

4/80 Testing: ParserTestSuite.FloatTest
4/80 Test: ParserTestSuite.FloatTest
Command: "/home/yaroslav/pizh2312_petrischev/labwork6/build/tests/parser_tests" "--gtest_filter=ParserTestSuite.FloatTest" "--gtest_also_run_disabled_tests"
Directory: /home/yaroslav/pizh2312_petrischev/labwork6/build/tests
"ParserTestSuite.FloatTest" start time: May 06 18:45 MSK
Output:
----------------------------------------------------------
Running main() from /home/yaroslav/pizh2312_petrischev/labwork6/build/_deps/googletest-src/googletest/src/gtest_main.cc
Note: Google Test filter = ParserTestSuite.FloatTest
[==========] Running 1 test from 1 test suite.
[----------] Global test environment set-up.
[----------] 1 test from ParserTestSuite
[ RUN      ] ParserTestSuite.FloatTest
[       OK ] ParserTestSuite.FloatTest (0 ms)
[----------] 1 test from ParserTestSuite (0 ms total)

[----------] Global test environment tear-down
[==========] 1 test from 1 test suite ran. (0 ms total)
[  PASSED  ] 1 test.
<end of output>
Test time =   0.00 sec
----------------------------------------------------------
Test Passed.
"ParserTestSuite.FloatTest" end time: May 06 18:45 MSK
"ParserTestSuite.FloatTest" time elapsed: 00:00:00
----------------------------------------------------------

5/80 Testing: ParserTestSuite.InvalidFloatTest
5/80 Test: ParserTestSuite.InvalidFloatTest
Command: "/home/yaroslav/pizh2312_petrischev/labwork6/build/tests/parser_tests" "--gtest_filter=ParserTestSuite.InvalidFloatTest" "--gtest_also_run_disabled_tests"
Directory: /home/yaroslav/pizh2312_petrischev/labwork6/build/tests
"ParserTestSuite.InvalidFloatTest" start time: May 06 18:45 MSK
Output:
----------------------------------------------------------
Running main() from /home/yaroslav/pizh2312_petrischev/labwork6/build/_deps/googletest-src/googletest/src/gtest_main.cc
Note: Google Test filter = ParserTestSuite.InvalidFloatTest
[==========] Running 1 test from 1 test suite.
[----------] Global test environment set-up.
[----------] 1 test from ParserTestSuite
[ RUN      ] ParserTestSuite.InvalidFloatTest
[       OK ] ParserTestSuite.InvalidFloatTest (0 ms)
[----------] 1 test from ParserTestSuite (0 ms total)

[----------] Global test environment tear-down
[==========] 1 test from 1 test suite ran. (0 ms total)
[  PASSED  ] 1 test.
<end of output>
Test time =   0.00 sec
----------------------------------------------------------
Test Passed.
"ParserTestSuite.InvalidFloatTest" end time: May 06 18:45 MSK
"ParserTestSuite.InvalidFloatTest" time elapsed: 00:00:00
----------------------------------------------------------

6/80 Testing: ParserTestSuite.StringTest
6/80 Test: ParserTestSuite.StringTest
Command: "/home/yaroslav/pizh2312_petrischev/labwork6/build/tests/parser_tests" "--gtest_filter=ParserTestSuite.StringTest" "--gtest_also_run_disabled_tests"
Directory: /home/yaroslav/pizh2312_petrischev/labwork6/build/tests
"ParserTestSuite.StringTest" start time: May 06 18:45 MSK
Output:
----------------------------------------------------------
Running main() from /home/yaroslav/pizh2312_petrischev/labwork6/build/_deps/googletest-src/googletest/src/gtest_main.cc
Note: Google Test filter = ParserTestSuite.StringTest
[==========] Running 1 test from 1 test suite.
[----------] Global test environment set-up.
[----------] 1 test from ParserTestSuite
[ RUN      ] ParserTestSuite.StringTest
[       OK ] ParserTestSuite.StringTest (0 ms)
[----------] 1 test from ParserTestSuite (0 ms total)

[----------] Global test environment tear-down
[==========] 1 test from 1 test suite ran. (0 ms total)
[  PASSED  ] 1 test.
<end of output>
Test time =   0.00 sec
----------------------------------------------------------
Test Passed.
"ParserTestSuite.StringTest" end time: May 06 18:45 MSK
"ParserTestSuite.StringTest" time elapsed: 00:00:00
----------------------------------------------------------

7/80 Testing: ParserTestSuite.InvalidStringTest
7/80 Test: ParserTestSuite.InvalidStringTest
Command: "/home/yaroslav/pizh2312_petrischev/labwork6/build/tests/parser_tests" "--gtest_filter=ParserTestSuite.InvalidStringTest" "--gtest_also_run_disabled_tests"
Directory: /home/yaroslav/pizh2312_petrischev/labwork6/build/tests
"ParserTestSuite.InvalidStringTest" start time: May 06 18:45 MSK
Output:
----------------------------------------------------------
Running main() from /home/yaroslav/pizh2312_petrischev/labwork6/build/_deps/googletest-src/googletest/src/gtest_main.cc
Note: Google Test filter = ParserTestSuite.InvalidStringTest
[==========] Running 1 test from 1 test suite.
[----------] Global test environment set-up.
[----------] 1 test from ParserTestSuite
[ RUN      ] ParserTestSuite.InvalidStringTest
[       OK ] ParserTestSuite.InvalidStringTest (0 ms)
[----------] 1 test from ParserTestSuite (0 ms total)

[----------] Global test environment tear-down
[==========] 1 test from 1 test suite ran. (0 ms total)
[  PASSED  ] 1 test.
<end of output>
Test time =   0.00 sec
----------------------------------------------------------
Test Passed.
"ParserTestSuite.InvalidStringTest" end time: May 06 18:45 MSK
"ParserTestSuite.InvalidStringTest" time elapsed: 00:00:00
----------------------------------------------------------

8/80 Testing: ParserTestSuite.ArrayTest
8/80 Test: ParserTestSuite.ArrayTest
Command: "/home/yaroslav/pizh2312_petrischev/labwork6/build/tests/parser_tests" "--gtest_filter=ParserTestSuite.ArrayTest" "--gtest_also_run_disabled_tests"
Directory: /home/yaroslav/pizh2312_petrischev/labwork6/build/tests
"ParserTestSuite.ArrayTest" start time: May 06 18:45 MSK
Output:
----------------------------------------------------------
Running main() from /home/yaroslav/pizh2312_petrischev/labwork6/build/_deps/googletest-src/googletest/src/gtest_main.cc
Note: Google Test filter = ParserTestSuite.ArrayTest
[==========] Running 1 test from 1 test suite.
[----------] Global test environment set-up.
[----------] 1 test from ParserTestSuite
[ RUN      ] ParserTestSuite.ArrayTest
[       OK ] ParserTestSuite.ArrayTest (0 ms)
[----------] 1 test from ParserTestSuite (0 ms total)

[----------] Global test environment tear-down
[==========] 1 test from 1 test suite ran. (0 ms total)
[  PASSED  ] 1 test.
<end of output>
Test time =   0.00 sec
----------------------------------------------------------
Test Passed.
"ParserTestSuite.ArrayTest" end time: May 06 18:45 MSK
"ParserTestSuite.ArrayTest" time elapsed: 00:00:00
----------------------------------------------------------

9/80 Testing: ParserTestSuite.DiffTypesArrayTest
9/80 Test: ParserTestSuite.DiffTypesArrayTest
Command: "/home/yaroslav/pizh2312_petrischev/labwork6/build/tests/parser_tests" "--gtest_filter=ParserTestSuite.DiffTypesArrayTest" "--gtest_also_run_disabled_tests"
Directory: /home/yaroslav/pizh2312_petrischev/labwork6/build/tests
"ParserTestSuite.DiffTypesArrayTest" start time: May 06 18:45 MSK
Output:
----------------------------------------------------------
Running main() from /home/yaroslav/pizh2312_petrischev/labwork6/build/_deps/googletest-src/googletest/src/gtest_main.cc
Note: Google Test filter = ParserTestSuite.DiffTypesArrayTest
[==========] Running 1 test from 1 test suite.
[----------] Global test environment set-up.
[----------] 1 test from ParserTestSuite
[ RUN      ] ParserTestSuite.DiffTypesArrayTest
[       OK ] ParserTestSuite.DiffTypesArrayTest (0 ms)
[----------] 1 test from ParserTestSuite (0 ms total)

[----------] Global test environment tear-down
[==========] 1 test from 1 test suite ran. (0 ms total)
[  PASSED  ] 1 test.
<end of output>
Test time =   0.00 sec
----------------------------------------------------------
Test Passed.
"ParserTestSuite.DiffTypesArrayTest" end time: May 06 18:45 MSK
"ParserTestSuite.DiffTypesArrayTest" time elapsed: 00:00:00
----------------------------------------------------------

10/80 Testing: ParserTestSuite.CommentsTest
10/80 Test: ParserTestSuite.CommentsTest
Command: "/home/yaroslav/pizh2312_petrischev/labwork6/build/tests/parser_tests" "--gtest_filter=ParserTestSuite.CommentsTest" "--gtest_also_run_disabled_tests"
Directory: /home/yaroslav/pizh2312_petrischev/labwork6/build/tests
"ParserTestSuite.CommentsTest" start time: May 06 18:45 MSK
Output:
----------------------------------------------------------
Running main() from /home/yaroslav/pizh2312_petrischev/labwork6/build/_deps/googletest-src/googletest/src/gtest_main.cc
Note: Google Test filter = ParserTestSuite.CommentsTest
[==========] Running 1 test from 1 test suite.
[----------] Global test environment set-up.
[----------] 1 test from ParserTestSuite
[ RUN      ] ParserTestSuite.CommentsTest
[       OK ] ParserTestSuite.CommentsTest (0 ms)
[----------] 1 test from ParserTestSuite (0 ms total)

[----------] Global test environment tear-down
[==========] 1 test from 1 test suite ran. (0 ms total)
[  PASSED  ] 1 test.
<end of output>
Test time =   0.00 sec
----------------------------------------------------------
Test Passed.
"ParserTestSuite.CommentsTest" end time: May 06 18:45 MSK
"ParserTestSuite.CommentsTest" time elapsed: 00:00:00
----------------------------------------------------------

11/80 Testing: ParserTestSuite.SectionTest
11/80 Test: ParserTestSuite.SectionTest
Command: "/home/yaroslav/pizh2312_petrischev/labwork6/build/tests/parser_tests" "--gtest_filter=ParserTestSuite.SectionTest" "--gtest_also_run_disabled_tests"
Directory: /home/yaroslav/pizh2312_petrischev/labwork6/build/tests
"ParserTestSuite.SectionTest" start time: May 06 18:45 MSK
Output:
----------------------------------------------------------
Running main() from /home/yaroslav/pizh2312_petrischev/labwork6/build/_deps/googletest-src/googletest/src/gtest_main.cc
Note: Google Test filter = ParserTestSuite.SectionTest
[==========] Running 1 test from 1 test suite.
[----------] Global test environment set-up.
[----------] 1 test from ParserTestSuite
[ RUN      ] ParserTestSuite.SectionTest
[       OK ] ParserTestSuite.SectionTest (0 ms)
[----------] 1 test from ParserTestSuite (0 ms total)

[----------] Global test environment tear-down
[==========] 1 test from 1 test suite ran. (0 ms total)
[  PASSED  ] 1 test.
<end of output>
Test time =   0.00 sec
----------------------------------------------------------
Test Passed.
"ParserTestSuite.SectionTest" end time: May 06 18:45 MSK
"ParserTestSuite.SectionTest" time elapsed: 00:00:00
----------------------------------------------------------

12/80 Testing: ParserTestSuite.MultiSectionTest
12/80 Test: ParserTestSuite.MultiSectionTest
Command: "/home/yaroslav/pizh2312_petrischev/labwork6/build/tests/parser_tests" "--gtest_filter=ParserTestSuite.MultiSectionTest" "--gtest_also_run_disabled_tests"
Directory: /home/yaroslav/pizh2312_petrischev/labwork6/build/tests
"ParserTestSuite.MultiSectionTest" start time: May 06 18:45 MSK
Output:
----------------------------------------------------------
Running main() from /home/yaroslav/pizh2312_petrischev/labwork6/build/_deps/googletest-src/googletest/src/gtest_main.cc
Note: Google Test filter = ParserTestSuite.MultiSectionTest
[==========] Running 1 test from 1 test suite.
[----------] Global test environment set-up.
[----------] 1 test from ParserTestSuite
[ RUN      ] ParserTestSuite.MultiSectionTest
[       OK ] ParserTestSuite.MultiSectionTest (0 ms)
[----------] 1 test from ParserTestSuite (0 ms total)

[----------] Global test environment tear-down
[==========] 1 test from 1 test suite ran. (0 ms total)
[  PASSED  ] 1 test.
<end of output>
Test time =   0.00 sec
----------------------------------------------------------
Test Passed.
"ParserTestSuite.MultiSectionTest" end time: May 06 18:45 MSK
"ParserTestSuite.MultiSectionTest" time elapsed: 00:00:00
----------------------------------------------------------

13/80 Testing: ParserTestSuite.GetSectionTest
13/80 Test: ParserTestSuite.GetSectionTest
Command: "/home/yaroslav/pizh2312_petrischev/labwork6/build/tests/parser_tests" "--gtest_filter=ParserTestSuite.GetSectionTest" "--gtest_also_run_disabled_tests"
Directory: /home/yaroslav/pizh2312_petrischev/labwork6/build/tests
"ParserTestSuite.GetSectionTest" start time: May 06 18:45 MSK
Output:
----------------------------------------------------------
Running main() from /home/yaroslav/pizh2312_petrischev/labwork6/build/_deps/googletest-src/googletest/src/gtest_main.cc
Note: Google Test filter = ParserTestSuite.GetSectionTest
[==========] Running 1 test from 1 test suite.
[----------] Global test environment set-up.
[----------] 1 test from ParserTestSuite
[ RUN      ] ParserTestSuite.GetSectionTest
[       OK ] ParserTestSuite.GetSectionTest (0 ms)
[----------] 1 test from ParserTestSuite (0 ms total)

[----------] Global test environment tear-down
[==========] 1 test from 1 test suite ran. (0 ms total)
[  PASSED  ] 1 test.
<end of output>
Test time =   0.00 sec
----------------------------------------------------------
Test Passed.
"ParserTestSuite.GetSectionTest" end time: May 06 18:45 MSK
"ParserTestSuite.GetSectionTest" time elapsed: 00:00:00
----------------------------------------------------------

14/80 Testing: FormatTestSuite.KeyRedifenitionTest
14/80 Test: FormatTestSuite.KeyRedifenitionTest
Command: "/home/yaroslav/pizh2312_petrischev/labwork6/build/tests/parser_tests" "--gtest_filter=FormatTestSuite.KeyRedifenitionTest" "--gtest_also_run_disabled_tests"
Directory: /home/yaroslav/pizh2312_petrischev/labwork6/build/tests
"FormatTestSuite.KeyRedifenitionTest" start time: May 06 18:45 MSK
Output:
----------------------------------------------------------
Running main() from /home/yaroslav/pizh2312_petrischev/labwork6/build/_deps/googletest-src/googletest/src/gtest_main.cc
Note: Google Test filter = FormatTestSuite.KeyRedifenitionTest
[==========] Running 1 test from 1 test suite.
[----------] Global test environment set-up.
[----------] 1 test from FormatTestSuite
[ RUN      ] FormatTestSuite.KeyRedifenitionTest
[       OK ] FormatTestSuite.KeyRedifenitionTest (0 ms)
[----------] 1 test from FormatTestSuite (0 ms total)

[----------] Global test environment tear-down
[==========] 1 test from 1 test suite ran. (0 ms total)
[  PASSED  ] 1 test.
<end of output>
Test time =   0.00 sec
----------------------------------------------------------
Test Passed.
"FormatTestSuite.KeyRedifenitionTest" end time: May 06 18:45 MSK
"FormatTestSuite.KeyRedifenitionTest" time elapsed: 00:00:00
----------------------------------------------------------

15/80 Testing: KeyValidation/ValidFormatTestSuite.ValidTest/"key = \"value\""
15/80 Test: KeyValidation/ValidFormatTestSuite.ValidTest/"key = \"value\""
Command: "/home/yaroslav/pizh2312_petrischev/labwork6/build/tests/parser_tests" "--gtest_filter=KeyValidation/ValidFormatTestSuite.ValidTest/0" "--gtest_also_run_disabled_tests"
Directory: /home/yaroslav/pizh2312_petrischev/labwork6/build/tests
"KeyValidation/ValidFormatTestSuite.ValidTest/"key = \"value\""" start time: May 06 18:45 MSK
Output:
----------------------------------------------------------
Running main() from /home/yaroslav/pizh2312_petrischev/labwork6/build/_deps/googletest-src/googletest/src/gtest_main.cc
Note: Google Test filter = KeyValidation/ValidFormatTestSuite.ValidTest/0
[==========] Running 1 test from 1 test suite.
[----------] Global test environment set-up.
[----------] 1 test from KeyValidation/ValidFormatTestSuite
[ RUN      ] KeyValidation/ValidFormatTestSuite.ValidTest/0
[       OK ] KeyValidation/ValidFormatTestSuite.ValidTest/0 (0 ms)
[----------] 1 test from KeyValidation/ValidFormatTestSuite (0 ms total)

[----------] Global test environment tear-down
[==========] 1 test from 1 test suite ran. (0 ms total)
[  PASSED  ] 1 test.
<end of output>
Test time =   0.00 sec
----------------------------------------------------------
Test Passed.
"KeyValidation/ValidFormatTestSuite.ValidTest/"key = \"value\""" end time: May 06 18:45 MSK
"KeyValidation/ValidFormatTestSuite.ValidTest/"key = \"value\""" time elapsed: 00:00:00
----------------------------------------------------------

16/80 Testing: KeyValidation/ValidFormatTestSuite.ValidTest/" key      =  \"value\"   "
16/80 Test: KeyValidation/ValidFormatTestSuite.ValidTest/" key      =  \"value\"   "
Command: "/home/yaroslav/pizh2312_petrischev/labwork6/build/tests/parser_tests" "--gtest_filter=KeyValidation/ValidFormatTestSuite.ValidTest/1" "--gtest_also_run_disabled_tests"
Directory: /home/yaroslav/pizh2312_petrischev/labwork6/build/tests
"KeyValidation/ValidFormatTestSuite.ValidTest/" key      =  \"value\"   "" start time: May 06 18:45 MSK
Output:
----------------------------------------------------------
Running main() from /home/yaroslav/pizh2312_petrischev/labwork6/build/_deps/googletest-src/googletest/src/gtest_main.cc
Note: Google Test filter = KeyValidation/ValidFormatTestSuite.ValidTest/1
[==========] Running 1 test from 1 test suite.
[----------] Global test environment set-up.
[----------] 1 test from KeyValidation/ValidFormatTestSuite
[ RUN      ] KeyValidation/ValidFormatTestSuite.ValidTest/1
[       OK ] KeyValidation/ValidFormatTestSuite.ValidTest/1 (0 ms)
[----------] 1 test from KeyValidation/ValidFormatTestSuite (0 ms total)

[----------] Global test environment tear-down
[==========] 1 test from 1 test suite ran. (0 ms total)
[  PASSED  ] 1 test.
<end of output>
Test time =   0.00 sec
----------------------------------------------------------
Test Passed.
"KeyValidation/ValidFormatTestSuite.ValidTest/" key      =  \"value\"   "" end time: May 06 18:45 MSK
"KeyValidation/ValidFormatTestSuite.ValidTest/" key      =  \"value\"   "" time elapsed: 00:00:00
----------------------------------------------------------

17/80 Testing: KeyValidation/ValidFormatTestSuite.ValidTest/" key=  \"value\""
17/80 Test: KeyValidation/ValidFormatTestSuite.ValidTest/" key=  \"value\""
Command: "/home/yaroslav/pizh2312_petrischev/labwork6/build/tests/parser_tests" "--gtest_filter=KeyValidation/ValidFormatTestSuite.ValidTest/2" "--gtest_also_run_disabled_tests"
Directory: /home/yaroslav/pizh2312_petrischev/labwork6/build/tests
"KeyValidation/ValidFormatTestSuite.ValidTest/" key=  \"value\""" start time: May 06 18:45 MSK
Output:
----------------------------------------------------------
Running main() from /home/yaroslav/pizh2312_petrischev/labwork6/build/_deps/googletest-src/googletest/src/gtest_main.cc
Note: Google Test filter = KeyValidation/ValidFormatTestSuite.ValidTest/2
[==========] Running 1 test from 1 test suite.
[----------] Global test environment set-up.
[----------] 1 test from KeyValidation/ValidFormatTestSuite
[ RUN      ] KeyValidation/ValidFormatTestSuite.ValidTest/2
[       OK ] KeyValidation/ValidFormatTestSuite.ValidTest/2 (0 ms)
[----------] 1 test from KeyValidation/ValidFormatTestSuite (0 ms total)

[----------] Global test environment tear-down
[==========] 1 test from 1 test suite ran. (0 ms total)
[  PASSED  ] 1 test.
<end of output>
Test time =   0.00 sec
----------------------------------------------------------
Test Passed.
"KeyValidation/ValidFormatTestSuite.ValidTest/" key=  \"value\""" end time: May 06 18:45 MSK
"KeyValidation/ValidFormatTestSuite.ValidTest/" key=  \"value\""" time elapsed: 00:00:00
----------------------------------------------------------

18/80 Testing: KeyValidation/ValidFormatTestSuite.ValidTest/" key123 =  \"value\""
18/80 Test: KeyValidation/ValidFormatTestSuite.ValidTest/" key123 =  \"value\""
Command: "/home/yaroslav/pizh2312_petrischev/labwork6/build/tests/parser_tests" "--gtest_filter=KeyValidation/ValidFormatTestSuite.ValidTest/3" "--gtest_also_run_disabled_tests"
Directory: /home/yaroslav/pizh2312_petrischev/labwork6/build/tests
"KeyValidation/ValidFormatTestSuite.ValidTest/" key123 =  \"value\""" start time: May 06 18:45 MSK
Output:
----------------------------------------------------------
Running main() from /home/yaroslav/pizh2312_petrischev/labwork6/build/_deps/googletest-src/googletest/src/gtest_main.cc
Note: Google Test filter = KeyValidation/ValidFormatTestSuite.ValidTest/3
[==========] Running 1 test from 1 test suite.
[----------] Global test environment set-up.
[----------] 1 test from KeyValidation/ValidFormatTestSuite
[ RUN      ] KeyValidation/ValidFormatTestSuite.ValidTest/3
[       OK ] KeyValidation/ValidFormatTestSuite.ValidTest/3 (0 ms)
[----------] 1 test from KeyValidation/ValidFormatTestSuite (0 ms total)

[----------] Global test environment tear-down
[==========] 1 test from 1 test suite ran. (0 ms total)
[  PASSED  ] 1 test.
<end of output>
Test time =   0.00 sec
----------------------------------------------------------
Test Passed.
"KeyValidation/ValidFormatTestSuite.ValidTest/" key123 =  \"value\""" end time: May 06 18:45 MSK
"KeyValidation/ValidFormatTestSuite.ValidTest/" key123 =  \"value\""" time elapsed: 00:00:00
----------------------------------------------------------

19/80 Testing: KeyValidation/ValidFormatTestSuite.ValidTest/" key_1-23-abcd =  \"value\""
19/80 Test: KeyValidation/ValidFormatTestSuite.ValidTest/" key_1-23-abcd =  \"value\""
Command: "/home/yaroslav/pizh2312_petrischev/labwork6/build/tests/parser_tests" "--gtest_filter=KeyValidation/ValidFormatTestSuite.ValidTest/4" "--gtest_also_run_disabled_tests"
Directory: /home/yaroslav/pizh2312_petrischev/labwork6/build/tests
"KeyValidation/ValidFormatTestSuite.ValidTest/" key_1-23-abcd =  \"value\""" start time: May 06 18:45 MSK
Output:
----------------------------------------------------------
Running main() from /home/yaroslav/pizh2312_petrischev/labwork6/build/_deps/googletest-src/googletest/src/gtest_main.cc
Note: Google Test filter = KeyValidation/ValidFormatTestSuite.ValidTest/4
[==========] Running 1 test from 1 test suite.
[----------] Global test environment set-up.
[----------] 1 test from KeyValidation/ValidFormatTestSuite
[ RUN      ] KeyValidation/ValidFormatTestSuite.ValidTest/4
[       OK ] KeyValidation/ValidFormatTestSuite.ValidTest/4 (0 ms)
[----------] 1 test from KeyValidation/ValidFormatTestSuite (0 ms total)

[----------] Global test environment tear-down
[==========] 1 test from 1 test suite ran. (0 ms total)
[  PASSED  ] 1 test.
<end of output>
Test time =   0.00 sec
----------------------------------------------------------
Test Passed.
"KeyValidation/ValidFormatTestSuite.ValidTest/" key_1-23-abcd =  \"value\""" end time: May 06 18:45 MSK
"KeyValidation/ValidFormatTestSuite.ValidTest/" key_1-23-abcd =  \"value\""" time elapsed: 00:00:00
----------------------------------------------------------

20/80 Testing: KeyValidation/ValidFormatTestSuite.ValidTest/" 23key_ =  \"value\""
20/80 Test: KeyValidation/ValidFormatTestSuite.ValidTest/" 23key_ =  \"value\""
Command: "/home/yaroslav/pizh2312_petrischev/labwork6/build/tests/parser_tests" "--gtest_filter=KeyValidation/ValidFormatTestSuite.ValidTest/5" "--gtest_also_run_disabled_tests"
Directory: /home/yaroslav/pizh2312_petrischev/labwork6/build/tests
"KeyValidation/ValidFormatTestSuite.ValidTest/" 23key_ =  \"value\""" start time: May 06 18:45 MSK
Output:
----------------------------------------------------------
Running main() from /home/yaroslav/pizh2312_petrischev/labwork6/build/_deps/googletest-src/googletest/src/gtest_main.cc
Note: Google Test filter = KeyValidation/ValidFormatTestSuite.ValidTest/5
[==========] Running 1 test from 1 test suite.
[----------] Global test environment set-up.
[----------] 1 test from KeyValidation/ValidFormatTestSuite
[ RUN      ] KeyValidation/ValidFormatTestSuite.ValidTest/5
[       OK ] KeyValidation/ValidFormatTestSuite.ValidTest/5 (0 ms)
[----------] 1 test from KeyValidation/ValidFormatTestSuite (0 ms total)

[----------] Global test environment tear-down
[==========] 1 test from 1 test suite ran. (0 ms total)
[  PASSED  ] 1 test.
<end of output>
Test time =   0.00 sec
----------------------------------------------------------
Test Passed.
"KeyValidation/ValidFormatTestSuite.ValidTest/" 23key_ =  \"value\""" end time: May 06 18:45 MSK
"KeyValidation/ValidFormatTestSuite.ValidTest/" 23key_ =  \"value\""" time elapsed: 00:00:00
----------------------------------------------------------

21/80 Testing: ValueValidation/ValidFormatTestSuite.ValidTest/"key = \"value\""
21/80 Test: ValueValidation/ValidFormatTestSuite.ValidTest/"key = \"value\""
Command: "/home/yaroslav/pizh2312_petrischev/labwork6/build/tests/parser_tests" "--gtest_filter=ValueValidation/ValidFormatTestSuite.ValidTest/0" "--gtest_also_run_disabled_tests"
Directory: /home/yaroslav/pizh2312_petrischev/labwork6/build/tests
"ValueValidation/ValidFormatTestSuite.ValidTest/"key = \"value\""" start time: May 06 18:45 MSK
Output:
----------------------------------------------------------
Running main() from /home/yaroslav/pizh2312_petrischev/labwork6/build/_deps/googletest-src/googletest/src/gtest_main.cc
Note: Google Test filter = ValueValidation/ValidFormatTestSuite.ValidTest/0
[==========] Running 1 test from 1 test suite.
[----------] Global test environment set-up.
[----------] 1 test from ValueValidation/ValidFormatTestSuite
[ RUN      ] ValueValidation/ValidFormatTestSuite.ValidTest/0
[       OK ] ValueValidation/ValidFormatTestSuite.ValidTest/0 (0 ms)
[----------] 1 test from ValueValidation/ValidFormatTestSuite (0 ms total)

[----------] Global test environment tear-down
[==========] 1 test from 1 test suite ran. (0 ms total)
[  PASSED  ] 1 test.
<end of output>
Test time =   0.00 sec
----------------------------------------------------------
Test Passed.
"ValueValidation/ValidFormatTestSuite.ValidTest/"key = \"value\""" end time: May 06 18:45 MSK
"ValueValidation/ValidFormatTestSuite.ValidTest/"key = \"value\""" time elapsed: 00:00:00
----------------------------------------------------------

22/80 Testing: IntValueValidation/ValidFormatTestSuite.ValidTest/"key1 = 2"
22/80 Test: IntValueValidation/ValidFormatTestSuite.ValidTest/"key1 = 2"
Command: "/home/yaroslav/pizh2312_petrischev/labwork6/build/tests/parser_tests" "--gtest_filter=IntValueValidation/ValidFormatTestSuite.ValidTest/0" "--gtest_also_run_disabled_tests"
Directory: /home/yaroslav/pizh2312_petrischev/labwork6/build/tests
"IntValueValidation/ValidFormatTestSuite.ValidTest/"key1 = 2"" start time: May 06 18:45 MSK
Output:
----------------------------------------------------------
Running main() from /home/yaroslav/pizh2312_petrischev/labwork6/build/_deps/googletest-src/googletest/src/gtest_main.cc
Note: Google Test filter = IntValueValidation/ValidFormatTestSuite.ValidTest/0
[==========] Running 1 test from 1 test suite.
[----------] Global test environment set-up.
[----------] 1 test from IntValueValidation/ValidFormatTestSuite
[ RUN      ] IntValueValidation/ValidFormatTestSuite.ValidTest/0
[       OK ] IntValueValidation/ValidFormatTestSuite.ValidTest/0 (0 ms)
[----------] 1 test from IntValueValidation/ValidFormatTestSuite (0 ms total)

[----------] Global test environment tear-down
[==========] 1 test from 1 test suite ran. (0 ms total)
[  PASSED  ] 1 test.
<end of output>
Test time =   0.00 sec
----------------------------------------------------------
Test Passed.
"IntValueValidation/ValidFormatTestSuite.ValidTest/"key1 = 2"" end time: May 06 18:45 MSK
"IntValueValidation/ValidFormatTestSuite.ValidTest/"key1 = 2"" time elapsed: 00:00:00
----------------------------------------------------------

23/80 Testing: IntValueValidation/ValidFormatTestSuite.ValidTest/"key2 = -22"
23/80 Test: IntValueValidation/ValidFormatTestSuite.ValidTest/"key2 = -22"
Command: "/home/yaroslav/pizh2312_petrischev/labwork6/build/tests/parser_tests" "--gtest_filter=IntValueValidation/ValidFormatTestSuite.ValidTest/1" "--gtest_also_run_disabled_tests"
Directory: /home/yaroslav/pizh2312_petrischev/labwork6/build/tests
"IntValueValidation/ValidFormatTestSuite.ValidTest/"key2 = -22"" start time: May 06 18:45 MSK
Output:
----------------------------------------------------------
Running main() from /home/yaroslav/pizh2312_petrischev/labwork6/build/_deps/googletest-src/googletest/src/gtest_main.cc
Note: Google Test filter = IntValueValidation/ValidFormatTestSuite.ValidTest/1
[==========] Running 1 test from 1 test suite.
[----------] Global test environment set-up.
[----------] 1 test from IntValueValidation/ValidFormatTestSuite
[ RUN      ] IntValueValidation/ValidFormatTestSuite.ValidTest/1
[       OK ] IntValueValidation/ValidFormatTestSuite.ValidTest/1 (0 ms)
[----------] 1 test from IntValueValidation/ValidFormatTestSuite (0 ms total)

[----------] Global test environment tear-down
[==========] 1 test from 1 test suite ran. (0 ms total)
[  PASSED  ] 1 test.
<end of output>
Test time =   0.00 sec
----------------------------------------------------------
Test Passed.
"IntValueValidation/ValidFormatTestSuite.ValidTest/"key2 = -22"" end time: May 06 18:45 MSK
"IntValueValidation/ValidFormatTestSuite.ValidTest/"key2 = -22"" time elapsed: 00:00:00
----------------------------------------------------------

24/80 Testing: IntValueValidation/ValidFormatTestSuite.ValidTest/"key3 = +48"
24/80 Test: IntValueValidation/ValidFormatTestSuite.ValidTest/"key3 = +48"
Command: "/home/yaroslav/pizh2312_petrischev/labwork6/build/tests/parser_tests" "--gtest_filter=IntValueValidation/ValidFormatTestSuite.ValidTest/2" "--gtest_also_run_disabled_tests"
Directory: /home/yaroslav/pizh2312_petrischev/labwork6/build/tests
"IntValueValidation/ValidFormatTestSuite.ValidTest/"key3 = +48"" start time: May 06 18:45 MSK
Output:
----------------------------------------------------------
Running main() from /home/yaroslav/pizh2312_petrischev/labwork6/build/_deps/googletest-src/googletest/src/gtest_main.cc
Note: Google Test filter = IntValueValidation/ValidFormatTestSuite.ValidTest/2
[==========] Running 1 test from 1 test suite.
[----------] Global test environment set-up.
[----------] 1 test from IntValueValidation/ValidFormatTestSuite
[ RUN      ] IntValueValidation/ValidFormatTestSuite.ValidTest/2
[       OK ] IntValueValidation/ValidFormatTestSuite.ValidTest/2 (0 ms)
[----------] 1 test from IntValueValidation/ValidFormatTestSuite (0 ms total)

[----------] Global test environment tear-down
[==========] 1 test from 1 test suite ran. (0 ms total)
[  PASSED  ] 1 test.
<end of output>
Test time =   0.00 sec
----------------------------------------------------------
Test Passed.
"IntValueValidation/ValidFormatTestSuite.ValidTest/"key3 = +48"" end time: May 06 18:45 MSK
"IntValueValidation/ValidFormatTestSuite.ValidTest/"key3 = +48"" time elapsed: 00:00:00
----------------------------------------------------------

25/80 Testing: FloatValueValidation/ValidFormatTestSuite.ValidTest/"key1 = 3.14"
25/80 Test: FloatValueValidation/ValidFormatTestSuite.ValidTest/"key1 = 3.14"
Command: "/home/yaroslav/pizh2312_petrischev/labwork6/build/tests/parser_tests" "--gtest_filter=FloatValueValidation/ValidFormatTestSuite.ValidTest/0" "--gtest_also_run_disabled_tests"
Directory: /home/yaroslav/pizh2312_petrischev/labwork6/build/tests
"FloatValueValidation/ValidFormatTestSuite.ValidTest/"key1 = 3.14"" start time: May 06 18:45 MSK
Output:
----------------------------------------------------------
Running main() from /home/yaroslav/pizh2312_petrischev/labwork6/build/_deps/googletest-src/googletest/src/gtest_main.cc
Note: Google Test filter = FloatValueValidation/ValidFormatTestSuite.ValidTest/0
[==========] Running 1 test from 1 test suite.
[----------] Global test environment set-up.
[----------] 1 test from FloatValueValidation/ValidFormatTestSuite
[ RUN      ] FloatValueValidation/ValidFormatTestSuite.ValidTest/0
[       OK ] FloatValueValidation/ValidFormatTestSuite.ValidTest/0 (0 ms)
[----------] 1 test from FloatValueValidation/ValidFormatTestSuite (0 ms total)

[----------] Global test environment tear-down
[==========] 1 test from 1 test suite ran. (0 ms total)
[  PASSED  ] 1 test.
<end of output>
Test time =   0.00 sec
----------------------------------------------------------
Test Passed.
"FloatValueValidation/ValidFormatTestSuite.ValidTest/"key1 = 3.14"" end time: May 06 18:45 MSK
"FloatValueValidation/ValidFormatTestSuite.ValidTest/"key1 = 3.14"" time elapsed: 00:00:00
----------------------------------------------------------

26/80 Testing: FloatValueValidation/ValidFormatTestSuite.ValidTest/"key2 = -3.14"
26/80 Test: FloatValueValidation/ValidFormatTestSuite.ValidTest/"key2 = -3.14"
Command: "/home/yaroslav/pizh2312_petrischev/labwork6/build/tests/parser_tests" "--gtest_filter=FloatValueValidation/ValidFormatTestSuite.ValidTest/1" "--gtest_also_run_disabled_tests"
Directory: /home/yaroslav/pizh2312_petrischev/labwork6/build/tests
"FloatValueValidation/ValidFormatTestSuite.ValidTest/"key2 = -3.14"" start time: May 06 18:45 MSK
Output:
----------------------------------------------------------
Running main() from /home/yaroslav/pizh2312_petrischev/labwork6/build/_deps/googletest-src/googletest/src/gtest_main.cc
Note: Google Test filter = FloatValueValidation/ValidFormatTestSuite.ValidTest/1
[==========] Running 1 test from 1 test suite.
[----------] Global test environment set-up.
[----------] 1 test from FloatValueValidation/ValidFormatTestSuite
[ RUN      ] FloatValueValidation/ValidFormatTestSuite.ValidTest/1
[       OK ] FloatValueValidation/ValidFormatTestSuite.ValidTest/1 (0 ms)
[----------] 1 test from FloatValueValidation/ValidFormatTestSuite (0 ms total)

[----------] Global test environment tear-down
[==========] 1 test from 1 test suite ran. (0 ms total)
[  PASSED  ] 1 test.
<end of output>
Test time =   0.00 sec
----------------------------------------------------------
Test Passed.
"FloatValueValidation/ValidFormatTestSuite.ValidTest/"key2 = -3.14"" end time: May 06 18:45 MSK
"FloatValueValidation/ValidFormatTestSuite.ValidTest/"key2 = -3.14"" time elapsed: 00:00:00
----------------------------------------------------------

27/80 Testing: FloatValueValidation/ValidFormatTestSuite.ValidTest/"key3 = +0.00001"
27/80 Test: FloatValueValidation/ValidFormatTestSuite.ValidTest/"key3 = +0.00001"
Command: "/home/yaroslav/pizh2312_petrischev/labwork6/build/tests/parser_tests" "--gtest_filter=FloatValueValidation/ValidFormatTestSuite.ValidTest/2" "--gtest_also_run_disabled_tests"
Directory: /home/yaroslav/pizh2312_petrischev/labwork6/build/tests
"FloatValueValidation/ValidFormatTestSuite.ValidTest/"key3 = +0.00001"" start time: May 06 18:45 MSK
Output:
----------------------------------------------------------
Running main() from /home/yaroslav/pizh2312_petrischev/labwork6/build/_deps/googletest-src/googletest/src/gtest_main.cc
Note: Google Test filter = FloatValueValidation/ValidFormatTestSuite.ValidTest/2
[==========] Running 1 test from 1 test suite.
[----------] Global test environment set-up.
[----------] 1 test from FloatValueValidation/ValidFormatTestSuite
[ RUN      ] FloatValueValidation/ValidFormatTestSuite.ValidTest/2
[       OK ] FloatValueValidation/ValidFormatTestSuite.ValidTest/2 (0 ms)
[----------] 1 test from FloatValueValidation/ValidFormatTestSuite (0 ms total)

[----------] Global test environment tear-down
[==========] 1 test from 1 test suite ran. (0 ms total)
[  PASSED  ] 1 test.
<end of output>
Test time =   0.00 sec
----------------------------------------------------------
Test Passed.
"FloatValueValidation/ValidFormatTestSuite.ValidTest/"key3 = +0.00001"" end time: May 06 18:45 MSK
"FloatValueValidation/ValidFormatTestSuite.ValidTest/"key3 = +0.00001"" time elapsed: 00:00:00
----------------------------------------------------------

28/80 Testing: StringValueValidation/ValidFormatTestSuite.ValidTest/"key1 = \"Hello world\""
28/80 Test: StringValueValidation/ValidFormatTestSuite.ValidTest/"key1 = \"Hello world\""
Command: "/home/yaroslav/pizh2312_petrischev/labwork6/build/tests/parser_tests" "--gtest_filter=StringValueValidation/ValidFormatTestSuite.ValidTest/0" "--gtest_also_run_disabled_tests"
Directory: /home/yaroslav/pizh2312_petrischev/labwork6/build/tests
"StringValueValidation/ValidFormatTestSuite.ValidTest/"key1 = \"Hello world\""" start time: May 06 18:45 MSK
Output:
----------------------------------------------------------
Running main() from /home/yaroslav/pizh2312_petrischev/labwork6/build/_deps/googletest-src/googletest/src/gtest_main.cc
Note: Google Test filter = StringValueValidation/ValidFormatTestSuite.ValidTest/0
[==========] Running 1 test from 1 test suite.
[----------] Global test environment set-up.
[----------] 1 test from StringValueValidation/ValidFormatTestSuite
[ RUN      ] StringValueValidation/ValidFormatTestSuite.ValidTest/0
[       OK ] StringValueValidation/ValidFormatTestSuite.ValidTest/0 (0 ms)
[----------] 1 test from StringValueValidation/ValidFormatTestSuite (0 ms total)

[----------] Global test environment tear-down
[==========] 1 test from 1 test suite ran. (0 ms total)
[  PASSED  ] 1 test.
<end of output>
Test time =   0.00 sec
----------------------------------------------------------
Test Passed.
"StringValueValidation/ValidFormatTestSuite.ValidTest/"key1 = \"Hello world\""" end time: May 06 18:45 MSK
"StringValueValidation/ValidFormatTestSuite.ValidTest/"key1 = \"Hello world\""" time elapsed: 00:00:00
----------------------------------------------------------

29/80 Testing: StringValueValidation/ValidFormatTestSuite.ValidTest/"key2 = \"1, 2, 3, 4, 5\""
29/80 Test: StringValueValidation/ValidFormatTestSuite.ValidTest/"key2 = \"1, 2, 3, 4, 5\""
Command: "/home/yaroslav/pizh2312_petrischev/labwork6/build/tests/parser_tests" "--gtest_filter=StringValueValidation/ValidFormatTestSuite.ValidTest/1" "--gtest_also_run_disabled_tests"
Directory: /home/yaroslav/pizh2312_petrischev/labwork6/build/tests
"StringValueValidation/ValidFormatTestSuite.ValidTest/"key2 = \"1, 2, 3, 4, 5\""" start time: May 06 18:45 MSK
Output:
----------------------------------------------------------
Running main() from /home/yaroslav/pizh2312_petrischev/labwork6/build/_deps/googletest-src/googletest/src/gtest_main.cc
Note: Google Test filter = StringValueValidation/ValidFormatTestSuite.ValidTest/1
[==========] Running 1 test from 1 test suite.
[----------] Global test environment set-up.
[----------] 1 test from StringValueValidation/ValidFormatTestSuite
[ RUN      ] StringValueValidation/ValidFormatTestSuite.ValidTest/1
[       OK ] StringValueValidation/ValidFormatTestSuite.ValidTest/1 (0 ms)
[----------] 1 test from StringValueValidation/ValidFormatTestSuite (0 ms total)

[----------] Global test environment tear-down
[==========] 1 test from 1 test suite ran. (0 ms total)
[  PASSED  ] 1 test.
<end of output>
Test time =   0.00 sec
----------------------------------------------------------
Test Passed.
"StringValueValidation/ValidFormatTestSuite.ValidTest/"key2 = \"1, 2, 3, 4, 5\""" end time: May 06 18:45 MSK
"StringValueValidation/ValidFormatTestSuite.ValidTest/"key2 = \"1, 2, 3, 4, 5\""" time elapsed: 00:00:00
----------------------------------------------------------

30/80 Testing: StringValueValidation/ValidFormatTestSuite.ValidTest/"key3 = \"3.14\""
30/80 Test: StringValueValidation/ValidFormatTestSuite.ValidTest/"key3 = \"3.14\""
Command: "/home/yaroslav/pizh2312_petrischev/labwork6/build/tests/parser_tests" "--gtest_filter=StringValueValidation/ValidFormatTestSuite.ValidTest/2" "--gtest_also_run_disabled_tests"
Directory: /home/yaroslav/pizh2312_petrischev/labwork6/build/tests
"StringValueValidation/ValidFormatTestSuite.ValidTest/"key3 = \"3.14\""" start time: May 06 18:45 MSK
Output:
----------------------------------------------------------
Running main() from /home/yaroslav/pizh2312_petrischev/labwork6/build/_deps/googletest-src/googletest/src/gtest_main.cc
Note: Google Test filter = StringValueValidation/ValidFormatTestSuite.ValidTest/2
[==========] Running 1 test from 1 test suite.
[----------] Global test environment set-up.
[----------] 1 test from StringValueValidation/ValidFormatTestSuite
[ RUN      ] StringValueValidation/ValidFormatTestSuite.ValidTest/2
[       OK ] StringValueValidation/ValidFormatTestSuite.ValidTest/2 (0 ms)
[----------] 1 test from StringValueValidation/ValidFormatTestSuite (0 ms total)

[----------] Global test environment tear-down
[==========] 1 test from 1 test suite ran. (0 ms total)
[  PASSED  ] 1 test.
<end of output>
Test time =   0.00 sec
----------------------------------------------------------
Test Passed.
"StringValueValidation/ValidFormatTestSuite.ValidTest/"key3 = \"3.14\""" end time: May 06 18:45 MSK
"StringValueValidation/ValidFormatTestSuite.ValidTest/"key3 = \"3.14\""" time elapsed: 00:00:00
----------------------------------------------------------

31/80 Testing: StringValueValidation/ValidFormatTestSuite.ValidTest/"key4 = \"1\t2\t3\""
31/80 Test: StringValueValidation/ValidFormatTestSuite.ValidTest/"key4 = \"1\t2\t3\""
Command: "/home/yaroslav/pizh2312_petrischev/labwork6/build/tests/parser_tests" "--gtest_filter=StringValueValidation/ValidFormatTestSuite.ValidTest/3" "--gtest_also_run_disabled_tests"
Directory: /home/yaroslav/pizh2312_petrischev/labwork6/build/tests
"StringValueValidation/ValidFormatTestSuite.ValidTest/"key4 = \"1\t2\t3\""" start time: May 06 18:45 MSK
Output:
----------------------------------------------------------
Running main() from /home/yaroslav/pizh2312_petrischev/labwork6/build/_deps/googletest-src/googletest/src/gtest_main.cc
Note: Google Test filter = StringValueValidation/ValidFormatTestSuite.ValidTest/3
[==========] Running 1 test from 1 test suite.
[----------] Global test environment set-up.
[----------] 1 test from StringValueValidation/ValidFormatTestSuite
[ RUN      ] StringValueValidation/ValidFormatTestSuite.ValidTest/3
[       OK ] StringValueValidation/ValidFormatTestSuite.ValidTest/3 (0 ms)
[----------] 1 test from StringValueValidation/ValidFormatTestSuite (0 ms total)

[----------] Global test environment tear-down
[==========] 1 test from 1 test suite ran. (0 ms total)
[  PASSED  ] 1 test.
<end of output>
Test time =   0.00 sec
----------------------------------------------------------
Test Passed.
"StringValueValidation/ValidFormatTestSuite.ValidTest/"key4 = \"1\t2\t3\""" end time: May 06 18:45 MSK
"StringValueValidation/ValidFormatTestSuite.ValidTest/"key4 = \"1\t2\t3\""" time elapsed: 00:00:00
----------------------------------------------------------

32/80 Testing: StringValueValidation/ValidFormatTestSuite.ValidTest/"key5 = \"[1,2,3,4,5]\""
32/80 Test: StringValueValidation/ValidFormatTestSuite.ValidTest/"key5 = \"[1,2,3,4,5]\""
Command: "/home/yaroslav/pizh2312_petrischev/labwork6/build/tests/parser_tests" "--gtest_filter=StringValueValidation/ValidFormatTestSuite.ValidTest/4" "--gtest_also_run_disabled_tests"
Directory: /home/yaroslav/pizh2312_petrischev/labwork6/build/tests
"StringValueValidation/ValidFormatTestSuite.ValidTest/"key5 = \"[1,2,3,4,5]\""" start time: May 06 18:45 MSK
Output:
----------------------------------------------------------
Running main() from /home/yaroslav/pizh2312_petrischev/labwork6/build/_deps/googletest-src/googletest/src/gtest_main.cc
Note: Google Test filter = StringValueValidation/ValidFormatTestSuite.ValidTest/4
[==========] Running 1 test from 1 test suite.
[----------] Global test environment set-up.
[----------] 1 test from StringValueValidation/ValidFormatTestSuite
[ RUN      ] StringValueValidation/ValidFormatTestSuite.ValidTest/4
[       OK ] StringValueValidation/ValidFormatTestSuite.ValidTest/4 (0 ms)
[----------] 1 test from StringValueValidation/ValidFormatTestSuite (0 ms total)

[----------] Global test environment tear-down
[==========] 1 test from 1 test suite ran. (0 ms total)
[  PASSED  ] 1 test.
<end of output>
Test time =   0.00 sec
----------------------------------------------------------
Test Passed.
"StringValueValidation/ValidFormatTestSuite.ValidTest/"key5 = \"[1,2,3,4,5]\""" end time: May 06 18:45 MSK
"StringValueValidation/ValidFormatTestSuite.ValidTest/"key5 = \"[1,2,3,4,5]\""" time elapsed: 00:00:00
----------------------------------------------------------

33/80 Testing: BoolValueValidation/ValidFormatTestSuite.ValidTest/"key1 = true"
33/80 Test: BoolValueValidation/ValidFormatTestSuite.ValidTest/"key1 = true"
Command: "/home/yaroslav/pizh2312_petrischev/labwork6/build/tests/parser_tests" "--gtest_filter=BoolValueValidation/ValidFormatTestSuite.ValidTest/0" "--gtest_also_run_disabled_tests"
Directory: /home/yaroslav/pizh2312_petrischev/labwork6/build/tests
"BoolValueValidation/ValidFormatTestSuite.ValidTest/"key1 = true"" start time: May 06 18:45 MSK
Output:
----------------------------------------------------------
Running main() from /home/yaroslav/pizh2312_petrischev/labwork6/build/_deps/googletest-src/googletest/src/gtest_main.cc
Note: Google Test filter = BoolValueValidation/ValidFormatTestSuite.ValidTest/0
[==========] Running 1 test from 1 test suite.
[----------] Global test environment set-up.
[----------] 1 test from BoolValueValidation/ValidFormatTestSuite
[ RUN      ] BoolValueValidation/ValidFormatTestSuite.ValidTest/0
[       OK ] BoolValueValidation/ValidFormatTestSuite.ValidTest/0 (0 ms)
[----------] 1 test from BoolValueValidation/ValidFormatTestSuite (0 ms total)

[----------] Global test environment tear-down
[==========] 1 test from 1 test suite ran. (0 ms total)
[  PASSED  ] 1 test.
<end of output>
Test time =   0.00 sec
----------------------------------------------------------
Test Passed.
"BoolValueValidation/ValidFormatTestSuite.ValidTest/"key1 = true"" end time: May 06 18:45 MSK
"BoolValueValidation/ValidFormatTestSuite.ValidTest/"key1 = true"" time elapsed: 00:00:00
----------------------------------------------------------

34/80 Testing: BoolValueValidation/ValidFormatTestSuite.ValidTest/"key2 = false"
34/80 Test: BoolValueValidation/ValidFormatTestSuite.ValidTest/"key2 = false"
Command: "/home/yaroslav/pizh2312_petrischev/labwork6/build/tests/parser_tests" "--gtest_filter=BoolValueValidation/ValidFormatTestSuite.ValidTest/1" "--gtest_also_run_disabled_tests"
Directory: /home/yaroslav/pizh2312_petrischev/labwork6/build/tests
"BoolValueValidation/ValidFormatTestSuite.ValidTest/"key2 = false"" start time: May 06 18:45 MSK
Output:
----------------------------------------------------------
Running main() from /home/yaroslav/pizh2312_petrischev/labwork6/build/_deps/googletest-src/googletest/src/gtest_main.cc
Note: Google Test filter = BoolValueValidation/ValidFormatTestSuite.ValidTest/1
[==========] Running 1 test from 1 test suite.
[----------] Global test environment set-up.
[----------] 1 test from BoolValueValidation/ValidFormatTestSuite
[ RUN      ] BoolValueValidation/ValidFormatTestSuite.ValidTest/1
[       OK ] BoolValueValidation/ValidFormatTestSuite.ValidTest/1 (0 ms)
[----------] 1 test from BoolValueValidation/ValidFormatTestSuite (0 ms total)

[----------] Global test environment tear-down
[==========] 1 test from 1 test suite ran. (0 ms total)
[  PASSED  ] 1 test.
<end of output>
Test time =   0.00 sec
----------------------------------------------------------
Test Passed.
"BoolValueValidation/ValidFormatTestSuite.ValidTest/"key2 = false"" end time: May 06 18:45 MSK
"BoolValueValidation/ValidFormatTestSuite.ValidTest/"key2 = false"" time elapsed: 00:00:00
----------------------------------------------------------

35/80 Testing: ArrayValueValidation/ValidFormatTestSuite.ValidTest/"key1 = []"
35/80 Test: ArrayValueValidation/ValidFormatTestSuite.ValidTest/"key1 = []"
Command: "/home/yaroslav/pizh2312_petrischev/labwork6/build/tests/parser_tests" "--gtest_filter=ArrayValueValidation/ValidFormatTestSuite.ValidTest/0" "--gtest_also_run_disabled_tests"
Directory: /home/yaroslav/pizh2312_petrischev/labwork6/build/tests
"ArrayValueValidation/ValidFormatTestSuite.ValidTest/"key1 = []"" start time: May 06 18:45 MSK
Output:
----------------------------------------------------------
Running main() from /home/yaroslav/pizh2312_petrischev/labwork6/build/_deps/googletest-src/googletest/src/gtest_main.cc
Note: Google Test filter = ArrayValueValidation/ValidFormatTestSuite.ValidTest/0
[==========] Running 1 test from 1 test suite.
[----------] Global test environment set-up.
[----------] 1 test from ArrayValueValidation/ValidFormatTestSuite
[ RUN      ] ArrayValueValidation/ValidFormatTestSuite.ValidTest/0
[       OK ] ArrayValueValidation/ValidFormatTestSuite.ValidTest/0 (0 ms)
[----------] 1 test from ArrayValueValidation/ValidFormatTestSuite (0 ms total)

[----------] Global test environment tear-down
[==========] 1 test from 1 test suite ran. (0 ms total)
[  PASSED  ] 1 test.
<end of output>
Test time =   0.00 sec
----------------------------------------------------------
Test Passed.
"ArrayValueValidation/ValidFormatTestSuite.ValidTest/"key1 = []"" end time: May 06 18:45 MSK
"ArrayValueValidation/ValidFormatTestSuite.ValidTest/"key1 = []"" time elapsed: 00:00:00
----------------------------------------------------------

36/80 Testing: ArrayValueValidation/ValidFormatTestSuite.ValidTest/"key2 = [1,2,3,4,5]"
36/80 Test: ArrayValueValidation/ValidFormatTestSuite.ValidTest/"key2 = [1,2,3,4,5]"
Command: "/home/yaroslav/pizh2312_petrischev/labwork6/build/tests/parser_tests" "--gtest_filter=ArrayValueValidation/ValidFormatTestSuite.ValidTest/1" "--gtest_also_run_disabled_tests"
Directory: /home/yaroslav/pizh2312_petrischev/labwork6/build/tests
"ArrayValueValidation/ValidFormatTestSuite.ValidTest/"key2 = [1,2,3,4,5]"" start time: May 06 18:45 MSK
Output:
----------------------------------------------------------
Running main() from /home/yaroslav/pizh2312_petrischev/labwork6/build/_deps/googletest-src/googletest/src/gtest_main.cc
Note: Google Test filter = ArrayValueValidation/ValidFormatTestSuite.ValidTest/1
[==========] Running 1 test from 1 test suite.
[----------] Global test environment set-up.
[----------] 1 test from ArrayValueValidation/ValidFormatTestSuite
[ RUN      ] ArrayValueValidation/ValidFormatTestSuite.ValidTest/1
[       OK ] ArrayValueValidation/ValidFormatTestSuite.ValidTest/1 (0 ms)
[----------] 1 test from ArrayValueValidation/ValidFormatTestSuite (0 ms total)

[----------] Global test environment tear-down
[==========] 1 test from 1 test suite ran. (0 ms total)
[  PASSED  ] 1 test.
<end of output>
Test time =   0.00 sec
----------------------------------------------------------
Test Passed.
"ArrayValueValidation/ValidFormatTestSuite.ValidTest/"key2 = [1,2,3,4,5]"" end time: May 06 18:45 MSK
"ArrayValueValidation/ValidFormatTestSuite.ValidTest/"key2 = [1,2,3,4,5]"" time elapsed: 00:00:00
----------------------------------------------------------

37/80 Testing: ArrayValueValidation/ValidFormatTestSuite.ValidTest/"key3 = [1, -3.14, true, \"ITMO\"]"
37/80 Test: ArrayValueValidation/ValidFormatTestSuite.ValidTest/"key3 = [1, -3.14, true, \"ITMO\"]"
Command: "/home/yaroslav/pizh2312_petrischev/labwork6/build/tests/parser_tests" "--gtest_filter=ArrayValueValidation/ValidFormatTestSuite.ValidTest/2" "--gtest_also_run_disabled_tests"
Directory: /home/yaroslav/pizh2312_petrischev/labwork6/build/tests
"ArrayValueValidation/ValidFormatTestSuite.ValidTest/"key3 = [1, -3.14, true, \"ITMO\"]"" start time: May 06 18:45 MSK
Output:
----------------------------------------------------------
Running main() from /home/yaroslav/pizh2312_petrischev/labwork6/build/_deps/googletest-src/googletest/src/gtest_main.cc
Note: Google Test filter = ArrayValueValidation/ValidFormatTestSuite.ValidTest/2
[==========] Running 1 test from 1 test suite.
[----------] Global test environment set-up.
[----------] 1 test from ArrayValueValidation/ValidFormatTestSuite
[ RUN      ] ArrayValueValidation/ValidFormatTestSuite.ValidTest/2
[       OK ] ArrayValueValidation/ValidFormatTestSuite.ValidTest/2 (0 ms)
[----------] 1 test from ArrayValueValidation/ValidFormatTestSuite (0 ms total)

[----------] Global test environment tear-down
[==========] 1 test from 1 test suite ran. (0 ms total)
[  PASSED  ] 1 test.
<end of output>
Test time =   0.00 sec
----------------------------------------------------------
Test Passed.
"ArrayValueValidation/ValidFormatTestSuite.ValidTest/"key3 = [1, -3.14, true, \"ITMO\"]"" end time: May 06 18:45 MSK
"ArrayValueValidation/ValidFormatTestSuite.ValidTest/"key3 = [1, -3.14, true, \"ITMO\"]"" time elapsed: 00:00:00
----------------------------------------------------------

38/80 Testing: ArrayValueValidation/ValidFormatTestSuite.ValidTest/"key4 = [[1,2],[2,[3,4,5]]]"
38/80 Test: ArrayValueValidation/ValidFormatTestSuite.ValidTest/"key4 = [[1,2],[2,[3,4,5]]]"
Command: "/home/yaroslav/pizh2312_petrischev/labwork6/build/tests/parser_tests" "--gtest_filter=ArrayValueValidation/ValidFormatTestSuite.ValidTest/3" "--gtest_also_run_disabled_tests"
Directory: /home/yaroslav/pizh2312_petrischev/labwork6/build/tests
"ArrayValueValidation/ValidFormatTestSuite.ValidTest/"key4 = [[1,2],[2,[3,4,5]]]"" start time: May 06 18:45 MSK
Output:
----------------------------------------------------------
Running main() from /home/yaroslav/pizh2312_petrischev/labwork6/build/_deps/googletest-src/googletest/src/gtest_main.cc
Note: Google Test filter = ArrayValueValidation/ValidFormatTestSuite.ValidTest/3
[==========] Running 1 test from 1 test suite.
[----------] Global test environment set-up.
[----------] 1 test from ArrayValueValidation/ValidFormatTestSuite
[ RUN      ] ArrayValueValidation/ValidFormatTestSuite.ValidTest/3
[       OK ] ArrayValueValidation/ValidFormatTestSuite.ValidTest/3 (0 ms)
[----------] 1 test from ArrayValueValidation/ValidFormatTestSuite (0 ms total)

[----------] Global test environment tear-down
[==========] 1 test from 1 test suite ran. (0 ms total)
[  PASSED  ] 1 test.
<end of output>
Test time =   0.00 sec
----------------------------------------------------------
Test Passed.
"ArrayValueValidation/ValidFormatTestSuite.ValidTest/"key4 = [[1,2],[2,[3,4,5]]]"" end time: May 06 18:45 MSK
"ArrayValueValidation/ValidFormatTestSuite.ValidTest/"key4 = [[1,2],[2,[3,4,5]]]"" time elapsed: 00:00:00
----------------------------------------------------------

39/80 Testing: SectionValueValidation/ValidFormatTestSuite.ValidTest/"[section-1]"
39/80 Test: SectionValueValidation/ValidFormatTestSuite.ValidTest/"[section-1]"
Command: "/home/yaroslav/pizh2312_petrischev/labwork6/build/tests/parser_tests" "--gtest_filter=SectionValueValidation/ValidFormatTestSuite.ValidTest/0" "--gtest_also_run_disabled_tests"
Directory: /home/yaroslav/pizh2312_petrischev/labwork6/build/tests
"SectionValueValidation/ValidFormatTestSuite.ValidTest/"[section-1]"" start time: May 06 18:45 MSK
Output:
----------------------------------------------------------
Running main() from /home/yaroslav/pizh2312_petrischev/labwork6/build/_deps/googletest-src/googletest/src/gtest_main.cc
Note: Google Test filter = SectionValueValidation/ValidFormatTestSuite.ValidTest/0
[==========] Running 1 test from 1 test suite.
[----------] Global test environment set-up.
[----------] 1 test from SectionValueValidation/ValidFormatTestSuite
[ RUN      ] SectionValueValidation/ValidFormatTestSuite.ValidTest/0
[       OK ] SectionValueValidation/ValidFormatTestSuite.ValidTest/0 (0 ms)
[----------] 1 test from SectionValueValidation/ValidFormatTestSuite (0 ms total)

[----------] Global test environment tear-down
[==========] 1 test from 1 test suite ran. (0 ms total)
[  PASSED  ] 1 test.
<end of output>
Test time =   0.00 sec
----------------------------------------------------------
Test Passed.
"SectionValueValidation/ValidFormatTestSuite.ValidTest/"[section-1]"" end time: May 06 18:45 MSK
"SectionValueValidation/ValidFormatTestSuite.ValidTest/"[section-1]"" time elapsed: 00:00:00
----------------------------------------------------------

40/80 Testing: SectionValueValidation/ValidFormatTestSuite.ValidTest/"[section-1.section-2]"
40/80 Test: SectionValueValidation/ValidFormatTestSuite.ValidTest/"[section-1.section-2]"
Command: "/home/yaroslav/pizh2312_petrischev/labwork6/build/tests/parser_tests" "--gtest_filter=SectionValueValidation/ValidFormatTestSuite.ValidTest/1" "--gtest_also_run_disabled_tests"
Directory: /home/yaroslav/pizh2312_petrischev/labwork6/build/tests
"SectionValueValidation/ValidFormatTestSuite.ValidTest/"[section-1.section-2]"" start time: May 06 18:45 MSK
Output:
----------------------------------------------------------
Running main() from /home/yaroslav/pizh2312_petrischev/labwork6/build/_deps/googletest-src/googletest/src/gtest_main.cc
Note: Google Test filter = SectionValueValidation/ValidFormatTestSuite.ValidTest/1
[==========] Running 1 test from 1 test suite.
[----------] Global test environment set-up.
[----------] 1 test from SectionValueValidation/ValidFormatTestSuite
[ RUN      ] SectionValueValidation/ValidFormatTestSuite.ValidTest/1
[       OK ] SectionValueValidation/ValidFormatTestSuite.ValidTest/1 (0 ms)
[----------] 1 test from SectionValueValidation/ValidFormatTestSuite (0 ms total)

[----------] Global test environment tear-down
[==========] 1 test from 1 test suite ran. (0 ms total)
[  PASSED  ] 1 test.
<end of output>
Test time =   0.00 sec
----------------------------------------------------------
Test Passed.
"SectionValueValidation/ValidFormatTestSuite.ValidTest/"[section-1.section-2]"" end time: May 06 18:45 MSK
"SectionValueValidation/ValidFormatTestSuite.ValidTest/"[section-1.section-2]"" time elapsed: 00:00:00
----------------------------------------------------------

41/80 Testing: SectionValueValidation/ValidFormatTestSuite.ValidTest/"[a.b.c.d]"
41/80 Test: SectionValueValidation/ValidFormatTestSuite.ValidTest/"[a.b.c.d]"
Command: "/home/yaroslav/pizh2312_petrischev/labwork6/build/tests/parser_tests" "--gtest_filter=SectionValueValidation/ValidFormatTestSuite.ValidTest/2" "--gtest_also_run_disabled_tests"
Directory: /home/yaroslav/pizh2312_petrischev/labwork6/build/tests
"SectionValueValidation/ValidFormatTestSuite.ValidTest/"[a.b.c.d]"" start time: May 06 18:45 MSK
Output:
----------------------------------------------------------
Running main() from /home/yaroslav/pizh2312_petrischev/labwork6/build/_deps/googletest-src/googletest/src/gtest_main.cc
Note: Google Test filter = SectionValueValidation/ValidFormatTestSuite.ValidTest/2
[==========] Running 1 test from 1 test suite.
[----------] Global test environment set-up.
[----------] 1 test from SectionValueValidation/ValidFormatTestSuite
[ RUN      ] SectionValueValidation/ValidFormatTestSuite.ValidTest/2
[       OK ] SectionValueValidation/ValidFormatTestSuite.ValidTest/2 (0 ms)
[----------] 1 test from SectionValueValidation/ValidFormatTestSuite (0 ms total)

[----------] Global test environment tear-down
[==========] 1 test from 1 test suite ran. (0 ms total)
[  PASSED  ] 1 test.
<end of output>
Test time =   0.00 sec
----------------------------------------------------------
Test Passed.
"SectionValueValidation/ValidFormatTestSuite.ValidTest/"[a.b.c.d]"" end time: May 06 18:45 MSK
"SectionValueValidation/ValidFormatTestSuite.ValidTest/"[a.b.c.d]"" time elapsed: 00:00:00
----------------------------------------------------------

42/80 Testing: CommentValueValidation/ValidFormatTestSuite.ValidTest/"key1 = 1 # comment"
42/80 Test: CommentValueValidation/ValidFormatTestSuite.ValidTest/"key1 = 1 # comment"
Command: "/home/yaroslav/pizh2312_petrischev/labwork6/build/tests/parser_tests" "--gtest_filter=CommentValueValidation/ValidFormatTestSuite.ValidTest/0" "--gtest_also_run_disabled_tests"
Directory: /home/yaroslav/pizh2312_petrischev/labwork6/build/tests
"CommentValueValidation/ValidFormatTestSuite.ValidTest/"key1 = 1 # comment"" start time: May 06 18:45 MSK
Output:
----------------------------------------------------------
Running main() from /home/yaroslav/pizh2312_petrischev/labwork6/build/_deps/googletest-src/googletest/src/gtest_main.cc
Note: Google Test filter = CommentValueValidation/ValidFormatTestSuite.ValidTest/0
[==========] Running 1 test from 1 test suite.
[----------] Global test environment set-up.
[----------] 1 test from CommentValueValidation/ValidFormatTestSuite
[ RUN      ] CommentValueValidation/ValidFormatTestSuite.ValidTest/0
[       OK ] CommentValueValidation/ValidFormatTestSuite.ValidTest/0 (0 ms)
[----------] 1 test from CommentValueValidation/ValidFormatTestSuite (0 ms total)

[----------] Global test environment tear-down
[==========] 1 test from 1 test suite ran. (0 ms total)
[  PASSED  ] 1 test.
<end of output>
Test time =   0.00 sec
----------------------------------------------------------
Test Passed.
"CommentValueValidation/ValidFormatTestSuite.ValidTest/"key1 = 1 # comment"" end time: May 06 18:45 MSK
"CommentValueValidation/ValidFormatTestSuite.ValidTest/"key1 = 1 # comment"" time elapsed: 00:00:00
----------------------------------------------------------

43/80 Testing: CommentValueValidation/ValidFormatTestSuite.ValidTest/"# some text"
43/80 Test: CommentValueValidation/ValidFormatTestSuite.ValidTest/"# some text"
Command: "/home/yaroslav/pizh2312_petrischev/labwork6/build/tests/parser_tests" "--gtest_filter=CommentValueValidation/ValidFormatTestSuite.ValidTest/1" "--gtest_also_run_disabled_tests"
Directory: /home/yaroslav/pizh2312_petrischev/labwork6/build/tests
"CommentValueValidation/ValidFormatTestSuite.ValidTest/"# some text"" start time: May 06 18:45 MSK
Output:
----------------------------------------------------------
Running main() from /home/yaroslav/pizh2312_petrischev/labwork6/build/_deps/googletest-src/googletest/src/gtest_main.cc
Note: Google Test filter = CommentValueValidation/ValidFormatTestSuite.ValidTest/1
[==========] Running 1 test from 1 test suite.
[----------] Global test environment set-up.
[----------] 1 test from CommentValueValidation/ValidFormatTestSuite
[ RUN      ] CommentValueValidation/ValidFormatTestSuite.ValidTest/1
[       OK ] CommentValueValidation/ValidFormatTestSuite.ValidTest/1 (0 ms)
[----------] 1 test from CommentValueValidation/ValidFormatTestSuite (0 ms total)

[----------] Global test environment tear-down
[==========] 1 test from 1 test suite ran. (0 ms total)
[  PASSED  ] 1 test.
<end of output>
Test time =   0.00 sec
----------------------------------------------------------
Test Passed.
"CommentValueValidation/ValidFormatTestSuite.ValidTest/"# some text"" end time: May 06 18:45 MSK
"CommentValueValidation/ValidFormatTestSuite.ValidTest/"# some text"" time elapsed: 00:00:00
----------------------------------------------------------

44/80 Testing: KeyValidation/InvalidFormatTestSuite.InValidTest/"!key = \"value\""
44/80 Test: KeyValidation/InvalidFormatTestSuite.InValidTest/"!key = \"value\""
Command: "/home/yaroslav/pizh2312_petrischev/labwork6/build/tests/parser_tests" "--gtest_filter=KeyValidation/InvalidFormatTestSuite.InValidTest/0" "--gtest_also_run_disabled_tests"
Directory: /home/yaroslav/pizh2312_petrischev/labwork6/build/tests
"KeyValidation/InvalidFormatTestSuite.InValidTest/"!key = \"value\""" start time: May 06 18:45 MSK
Output:
----------------------------------------------------------
Running main() from /home/yaroslav/pizh2312_petrischev/labwork6/build/_deps/googletest-src/googletest/src/gtest_main.cc
Note: Google Test filter = KeyValidation/InvalidFormatTestSuite.InValidTest/0
[==========] Running 1 test from 1 test suite.
[----------] Global test environment set-up.
[----------] 1 test from KeyValidation/InvalidFormatTestSuite
[ RUN      ] KeyValidation/InvalidFormatTestSuite.InValidTest/0
[       OK ] KeyValidation/InvalidFormatTestSuite.InValidTest/0 (0 ms)
[----------] 1 test from KeyValidation/InvalidFormatTestSuite (0 ms total)

[----------] Global test environment tear-down
[==========] 1 test from 1 test suite ran. (0 ms total)
[  PASSED  ] 1 test.
<end of output>
Test time =   0.00 sec
----------------------------------------------------------
Test Passed.
"KeyValidation/InvalidFormatTestSuite.InValidTest/"!key = \"value\""" end time: May 06 18:45 MSK
"KeyValidation/InvalidFormatTestSuite.InValidTest/"!key = \"value\""" time elapsed: 00:00:00
----------------------------------------------------------

45/80 Testing: KeyValidation/InvalidFormatTestSuite.InValidTest/"key = \n\"value\""
45/80 Test: KeyValidation/InvalidFormatTestSuite.InValidTest/"key = \n\"value\""
Command: "/home/yaroslav/pizh2312_petrischev/labwork6/build/tests/parser_tests" "--gtest_filter=KeyValidation/InvalidFormatTestSuite.InValidTest/1" "--gtest_also_run_disabled_tests"
Directory: /home/yaroslav/pizh2312_petrischev/labwork6/build/tests
"KeyValidation/InvalidFormatTestSuite.InValidTest/"key = \n\"value\""" start time: May 06 18:45 MSK
Output:
----------------------------------------------------------
Running main() from /home/yaroslav/pizh2312_petrischev/labwork6/build/_deps/googletest-src/googletest/src/gtest_main.cc
Note: Google Test filter = KeyValidation/InvalidFormatTestSuite.InValidTest/1
[==========] Running 1 test from 1 test suite.
[----------] Global test environment set-up.
[----------] 1 test from KeyValidation/InvalidFormatTestSuite
[ RUN      ] KeyValidation/InvalidFormatTestSuite.InValidTest/1
[       OK ] KeyValidation/InvalidFormatTestSuite.InValidTest/1 (0 ms)
[----------] 1 test from KeyValidation/InvalidFormatTestSuite (0 ms total)

[----------] Global test environment tear-down
[==========] 1 test from 1 test suite ran. (0 ms total)
[  PASSED  ] 1 test.
<end of output>
Test time =   0.00 sec
----------------------------------------------------------
Test Passed.
"KeyValidation/InvalidFormatTestSuite.InValidTest/"key = \n\"value\""" end time: May 06 18:45 MSK
"KeyValidation/InvalidFormatTestSuite.InValidTest/"key = \n\"value\""" time elapsed: 00:00:00
----------------------------------------------------------

46/80 Testing: KeyValidation/InvalidFormatTestSuite.InValidTest/"      =  \"value\"   "
46/80 Test: KeyValidation/InvalidFormatTestSuite.InValidTest/"      =  \"value\"   "
Command: "/home/yaroslav/pizh2312_petrischev/labwork6/build/tests/parser_tests" "--gtest_filter=KeyValidation/InvalidFormatTestSuite.InValidTest/2" "--gtest_also_run_disabled_tests"
Directory: /home/yaroslav/pizh2312_petrischev/labwork6/build/tests
"KeyValidation/InvalidFormatTestSuite.InValidTest/"      =  \"value\"   "" start time: May 06 18:45 MSK
Output:
----------------------------------------------------------
Running main() from /home/yaroslav/pizh2312_petrischev/labwork6/build/_deps/googletest-src/googletest/src/gtest_main.cc
Note: Google Test filter = KeyValidation/InvalidFormatTestSuite.InValidTest/2
[==========] Running 1 test from 1 test suite.
[----------] Global test environment set-up.
[----------] 1 test from KeyValidation/InvalidFormatTestSuite
[ RUN      ] KeyValidation/InvalidFormatTestSuite.InValidTest/2
[       OK ] KeyValidation/InvalidFormatTestSuite.InValidTest/2 (0 ms)
[----------] 1 test from KeyValidation/InvalidFormatTestSuite (0 ms total)

[----------] Global test environment tear-down
[==========] 1 test from 1 test suite ran. (0 ms total)
[  PASSED  ] 1 test.
<end of output>
Test time =   0.00 sec
----------------------------------------------------------
Test Passed.
"KeyValidation/InvalidFormatTestSuite.InValidTest/"      =  \"value\"   "" end time: May 06 18:45 MSK
"KeyValidation/InvalidFormatTestSuite.InValidTest/"      =  \"value\"   "" time elapsed: 00:00:00
----------------------------------------------------------

47/80 Testing: KeyValidation/InvalidFormatTestSuite.InValidTest/"=  \"value\""
47/80 Test: KeyValidation/InvalidFormatTestSuite.InValidTest/"=  \"value\""
Command: "/home/yaroslav/pizh2312_petrischev/labwork6/build/tests/parser_tests" "--gtest_filter=KeyValidation/InvalidFormatTestSuite.InValidTest/3" "--gtest_also_run_disabled_tests"
Directory: /home/yaroslav/pizh2312_petrischev/labwork6/build/tests
"KeyValidation/InvalidFormatTestSuite.InValidTest/"=  \"value\""" start time: May 06 18:45 MSK
Output:
----------------------------------------------------------
Running main() from /home/yaroslav/pizh2312_petrischev/labwork6/build/_deps/googletest-src/googletest/src/gtest_main.cc
Note: Google Test filter = KeyValidation/InvalidFormatTestSuite.InValidTest/3
[==========] Running 1 test from 1 test suite.
[----------] Global test environment set-up.
[----------] 1 test from KeyValidation/InvalidFormatTestSuite
[ RUN      ] KeyValidation/InvalidFormatTestSuite.InValidTest/3
[       OK ] KeyValidation/InvalidFormatTestSuite.InValidTest/3 (0 ms)
[----------] 1 test from KeyValidation/InvalidFormatTestSuite (0 ms total)

[----------] Global test environment tear-down
[==========] 1 test from 1 test suite ran. (0 ms total)
[  PASSED  ] 1 test.
<end of output>
Test time =   0.00 sec
----------------------------------------------------------
Test Passed.
"KeyValidation/InvalidFormatTestSuite.InValidTest/"=  \"value\""" end time: May 06 18:45 MSK
"KeyValidation/InvalidFormatTestSuite.InValidTest/"=  \"value\""" time elapsed: 00:00:00
----------------------------------------------------------

48/80 Testing: KeyValidation/InvalidFormatTestSuite.InValidTest/" key**123 =  \"value\""
48/80 Test: KeyValidation/InvalidFormatTestSuite.InValidTest/" key**123 =  \"value\""
Command: "/home/yaroslav/pizh2312_petrischev/labwork6/build/tests/parser_tests" "--gtest_filter=KeyValidation/InvalidFormatTestSuite.InValidTest/4" "--gtest_also_run_disabled_tests"
Directory: /home/yaroslav/pizh2312_petrischev/labwork6/build/tests
"KeyValidation/InvalidFormatTestSuite.InValidTest/" key**123 =  \"value\""" start time: May 06 18:45 MSK
Output:
----------------------------------------------------------
Running main() from /home/yaroslav/pizh2312_petrischev/labwork6/build/_deps/googletest-src/googletest/src/gtest_main.cc
Note: Google Test filter = KeyValidation/InvalidFormatTestSuite.InValidTest/4
[==========] Running 1 test from 1 test suite.
[----------] Global test environment set-up.
[----------] 1 test from KeyValidation/InvalidFormatTestSuite
[ RUN      ] KeyValidation/InvalidFormatTestSuite.InValidTest/4
[       OK ] KeyValidation/InvalidFormatTestSuite.InValidTest/4 (0 ms)
[----------] 1 test from KeyValidation/InvalidFormatTestSuite (0 ms total)

[----------] Global test environment tear-down
[==========] 1 test from 1 test suite ran. (0 ms total)
[  PASSED  ] 1 test.
<end of output>
Test time =   0.00 sec
----------------------------------------------------------
Test Passed.
"KeyValidation/InvalidFormatTestSuite.InValidTest/" key**123 =  \"value\""" end time: May 06 18:45 MSK
"KeyValidation/InvalidFormatTestSuite.InValidTest/" key**123 =  \"value\""" time elapsed: 00:00:00
----------------------------------------------------------

49/80 Testing: KeyValidation/InvalidFormatTestSuite.InValidTest/" . =  \"value\""
49/80 Test: KeyValidation/InvalidFormatTestSuite.InValidTest/" . =  \"value\""
Command: "/home/yaroslav/pizh2312_petrischev/labwork6/build/tests/parser_tests" "--gtest_filter=KeyValidation/InvalidFormatTestSuite.InValidTest/5" "--gtest_also_run_disabled_tests"
Directory: /home/yaroslav/pizh2312_petrischev/labwork6/build/tests
"KeyValidation/InvalidFormatTestSuite.InValidTest/" . =  \"value\""" start time: May 06 18:45 MSK
Output:
----------------------------------------------------------
Running main() from /home/yaroslav/pizh2312_petrischev/labwork6/build/_deps/googletest-src/googletest/src/gtest_main.cc
Note: Google Test filter = KeyValidation/InvalidFormatTestSuite.InValidTest/5
[==========] Running 1 test from 1 test suite.
[----------] Global test environment set-up.
[----------] 1 test from KeyValidation/InvalidFormatTestSuite
[ RUN      ] KeyValidation/InvalidFormatTestSuite.InValidTest/5
[       OK ] KeyValidation/InvalidFormatTestSuite.InValidTest/5 (0 ms)
[----------] 1 test from KeyValidation/InvalidFormatTestSuite (0 ms total)

[----------] Global test environment tear-down
[==========] 1 test from 1 test suite ran. (0 ms total)
[  PASSED  ] 1 test.
<end of output>
Test time =   0.00 sec
----------------------------------------------------------
Test Passed.
"KeyValidation/InvalidFormatTestSuite.InValidTest/" . =  \"value\""" end time: May 06 18:45 MSK
"KeyValidation/InvalidFormatTestSuite.InValidTest/" . =  \"value\""" time elapsed: 00:00:00
----------------------------------------------------------

50/80 Testing: KeyValidation/InvalidFormatTestSuite.InValidTest/" .key2.key3 =  \"value\""
50/80 Test: KeyValidation/InvalidFormatTestSuite.InValidTest/" .key2.key3 =  \"value\""
Command: "/home/yaroslav/pizh2312_petrischev/labwork6/build/tests/parser_tests" "--gtest_filter=KeyValidation/InvalidFormatTestSuite.InValidTest/6" "--gtest_also_run_disabled_tests"
Directory: /home/yaroslav/pizh2312_petrischev/labwork6/build/tests
"KeyValidation/InvalidFormatTestSuite.InValidTest/" .key2.key3 =  \"value\""" start time: May 06 18:45 MSK
Output:
----------------------------------------------------------
Running main() from /home/yaroslav/pizh2312_petrischev/labwork6/build/_deps/googletest-src/googletest/src/gtest_main.cc
Note: Google Test filter = KeyValidation/InvalidFormatTestSuite.InValidTest/6
[==========] Running 1 test from 1 test suite.
[----------] Global test environment set-up.
[----------] 1 test from KeyValidation/InvalidFormatTestSuite
[ RUN      ] KeyValidation/InvalidFormatTestSuite.InValidTest/6
[       OK ] KeyValidation/InvalidFormatTestSuite.InValidTest/6 (0 ms)
[----------] 1 test from KeyValidation/InvalidFormatTestSuite (0 ms total)

[----------] Global test environment tear-down
[==========] 1 test from 1 test suite ran. (0 ms total)
[  PASSED  ] 1 test.
<end of output>
Test time =   0.00 sec
----------------------------------------------------------
Test Passed.
"KeyValidation/InvalidFormatTestSuite.InValidTest/" .key2.key3 =  \"value\""" end time: May 06 18:45 MSK
"KeyValidation/InvalidFormatTestSuite.InValidTest/" .key2.key3 =  \"value\""" time elapsed: 00:00:00
----------------------------------------------------------

51/80 Testing: KeyValidation/InvalidFormatTestSuite.InValidTest/" key1. =  \"value\""
51/80 Test: KeyValidation/InvalidFormatTestSuite.InValidTest/" key1. =  \"value\""
Command: "/home/yaroslav/pizh2312_petrischev/labwork6/build/tests/parser_tests" "--gtest_filter=KeyValidation/InvalidFormatTestSuite.InValidTest/7" "--gtest_also_run_disabled_tests"
Directory: /home/yaroslav/pizh2312_petrischev/labwork6/build/tests
"KeyValidation/InvalidFormatTestSuite.InValidTest/" key1. =  \"value\""" start time: May 06 18:45 MSK
Output:
----------------------------------------------------------
Running main() from /home/yaroslav/pizh2312_petrischev/labwork6/build/_deps/googletest-src/googletest/src/gtest_main.cc
Note: Google Test filter = KeyValidation/InvalidFormatTestSuite.InValidTest/7
[==========] Running 1 test from 1 test suite.
[----------] Global test environment set-up.
[----------] 1 test from KeyValidation/InvalidFormatTestSuite
[ RUN      ] KeyValidation/InvalidFormatTestSuite.InValidTest/7
[       OK ] KeyValidation/InvalidFormatTestSuite.InValidTest/7 (0 ms)
[----------] 1 test from KeyValidation/InvalidFormatTestSuite (0 ms total)

[----------] Global test environment tear-down
[==========] 1 test from 1 test suite ran. (0 ms total)
[  PASSED  ] 1 test.
<end of output>
Test time =   0.00 sec
----------------------------------------------------------
Test Passed.
"KeyValidation/InvalidFormatTestSuite.InValidTest/" key1. =  \"value\""" end time: May 06 18:45 MSK
"KeyValidation/InvalidFormatTestSuite.InValidTest/" key1. =  \"value\""" time elapsed: 00:00:00
----------------------------------------------------------

52/80 Testing: ValueValidation/InvalidFormatTestSuite.InValidTest/"key = "
52/80 Test: ValueValidation/InvalidFormatTestSuite.InValidTest/"key = "
Command: "/home/yaroslav/pizh2312_petrischev/labwork6/build/tests/parser_tests" "--gtest_filter=ValueValidation/InvalidFormatTestSuite.InValidTest/0" "--gtest_also_run_disabled_tests"
Directory: /home/yaroslav/pizh2312_petrischev/labwork6/build/tests
"ValueValidation/InvalidFormatTestSuite.InValidTest/"key = "" start time: May 06 18:45 MSK
Output:
----------------------------------------------------------
[...]
"BoolValueValidation/InvalidFormatTestSuite.InValidTest/"key4 = fal se"" start time: May 06 18:45 MSK
Output:
----------------------------------------------------------
Running main() from /home/yaroslav/pizh2312_petrischev/labwork6/build/_deps/googletest-src/googletest/src/gtest_main.cc
Note: Google Test filter = BoolValueValidation/InvalidFormatTestSuite.InValidTest/3
[==========] Running 1 test from 1 test suite.
[----------] Global test environment set-up.
[----------] 1 test from BoolValueValidation/InvalidFormatTestSuite
[ RUN      ] BoolValueValidation/InvalidFormatTestSuite.InValidTest/3
[       OK ] BoolValueValidation/InvalidFormatTestSuite.InValidTest/3 (0 ms)
[----------] 1 test from BoolValueValidation/InvalidFormatTestSuite (0 ms total)

[----------] Global test environment tear-down
[==========] 1 test from 1 test suite ran. (0 ms total)
[  PASSED  ] 1 test.
<end of output>
Test time =   0.00 sec
----------------------------------------------------------
Test Passed.
"BoolValueValidation/InvalidFormatTestSuite.InValidTest/"key4 = fal se"" end time: May 06 18:45 MSK
"BoolValueValidation/InvalidFormatTestSuite.InValidTest/"key4 = fal se"" time elapsed: 00:00:00
----------------------------------------------------------

70/80 Testing: BoolValueValidation/InvalidFormatTestSuite.InValidTest/"key5 = truefalse"
70/80 Test: BoolValueValidation/InvalidFormatTestSuite.InValidTest/"key5 = truefalse"
Command: "/home/yaroslav/pizh2312_petrischev/labwork6/build/tests/parser_tests" "--gtest_filter=BoolValueValidation/InvalidFormatTestSuite.InValidTest/4" "--gtest_also_run_disabled_tests"
Directory: /home/yaroslav/pizh2312_petrischev/labwork6/build/tests
"BoolValueValidation/InvalidFormatTestSuite.InValidTest/"key5 = truefalse"" start time: May 06 18:45 MSK
Output:
----------------------------------------------------------
Running main() from /home/yaroslav/pizh2312_petrischev/labwork6/build/_deps/googletest-src/googletest/src/gtest_main.cc
Note: Google Test filter = BoolValueValidation/InvalidFormatTestSuite.InValidTest/4
[==========] Running 1 test from 1 test suite.
[----------] Global test environment set-up.
[----------] 1 test from BoolValueValidation/InvalidFormatTestSuite
[ RUN      ] BoolValueValidation/InvalidFormatTestSuite.InValidTest/4
[       OK ] BoolValueValidation/InvalidFormatTestSuite.InValidTest/4 (0 ms)
[----------] 1 test from BoolValueValidation/InvalidFormatTestSuite (0 ms total)

[----------] Global test environment tear-down
[==========] 1 test from 1 test suite ran. (0 ms total)
[  PASSED  ] 1 test.
<end of output>
Test time =   0.00 sec
----------------------------------------------------------
Test Passed.
"BoolValueValidation/InvalidFormatTestSuite.InValidTest/"key5 = truefalse"" end time: May 06 18:45 MSK
"BoolValueValidation/InvalidFormatTestSuite.InValidTest/"key5 = truefalse"" time elapsed: 00:00:00
----------------------------------------------------------

71/80 Testing: ArrayValueValidation/InvalidFormatTestSuite.InValidTest/"key1 = ["
71/80 Test: ArrayValueValidation/InvalidFormatTestSuite.InValidTest/"key1 = ["
Command: "/home/yaroslav/pizh2312_petrischev/labwork6/build/tests/parser_tests" "--gtest_filter=ArrayValueValidation/InvalidFormatTestSuite.InValidTest/0" "--gtest_also_run_disabled_tests"
Directory: /home/yaroslav/pizh2312_petrischev/labwork6/build/tests
"ArrayValueValidation/InvalidFormatTestSuite.InValidTest/"key1 = ["" start time: May 06 18:45 MSK
Output:
----------------------------------------------------------
Running main() from /home/yaroslav/pizh2312_petrischev/labwork6/build/_deps/googletest-src/googletest/src/gtest_main.cc
Note: Google Test filter = ArrayValueValidation/InvalidFormatTestSuite.InValidTest/0
[==========] Running 1 test from 1 test suite.
[----------] Global test environment set-up.
[----------] 1 test from ArrayValueValidation/InvalidFormatTestSuite
[ RUN      ] ArrayValueValidation/InvalidFormatTestSuite.InValidTest/0
[       OK ] ArrayValueValidation/InvalidFormatTestSuite.InValidTest/0 (0 ms)
[----------] 1 test from ArrayValueValidation/InvalidFormatTestSuite (0 ms total)

[----------] Global test environment tear-down
[==========] 1 test from 1 test suite ran. (0 ms total)
[  PASSED  ] 1 test.
<end of output>
Test time =   0.00 sec
----------------------------------------------------------
Test Passed.
"ArrayValueValidation/InvalidFormatTestSuite.InValidTest/"key1 = ["" end time: May 06 18:45 MSK
"ArrayValueValidation/InvalidFormatTestSuite.InValidTest/"key1 = ["" time elapsed: 00:00:00
----------------------------------------------------------

72/80 Testing: ArrayValueValidation/InvalidFormatTestSuite.InValidTest/"key2 = ]"
72/80 Test: ArrayValueValidation/InvalidFormatTestSuite.InValidTest/"key2 = ]"
Command: "/home/yaroslav/pizh2312_petrischev/labwork6/build/tests/parser_tests" "--gtest_filter=ArrayValueValidation/InvalidFormatTestSuite.InValidTest/1" "--gtest_also_run_disabled_tests"
Directory: /home/yaroslav/pizh2312_petrischev/labwork6/build/tests
"ArrayValueValidation/InvalidFormatTestSuite.InValidTest/"key2 = ]"" start time: May 06 18:45 MSK
Output:
----------------------------------------------------------
Running main() from /home/yaroslav/pizh2312_petrischev/labwork6/build/_deps/googletest-src/googletest/src/gtest_main.cc
Note: Google Test filter = ArrayValueValidation/InvalidFormatTestSuite.InValidTest/1
[==========] Running 1 test from 1 test suite.
[----------] Global test environment set-up.
[----------] 1 test from ArrayValueValidation/InvalidFormatTestSuite
[ RUN      ] ArrayValueValidation/InvalidFormatTestSuite.InValidTest/1
[       OK ] ArrayValueValidation/InvalidFormatTestSuite.InValidTest/1 (0 ms)
[----------] 1 test from ArrayValueValidation/InvalidFormatTestSuite (0 ms total)

[----------] Global test environment tear-down
[==========] 1 test from 1 test suite ran. (0 ms total)
[  PASSED  ] 1 test.
<end of output>
Test time =   0.00 sec
----------------------------------------------------------
Test Passed.
"ArrayValueValidation/InvalidFormatTestSuite.InValidTest/"key2 = ]"" end time: May 06 18:45 MSK
"ArrayValueValidation/InvalidFormatTestSuite.InValidTest/"key2 = ]"" time elapsed: 00:00:00
----------------------------------------------------------

73/80 Testing: ArrayValueValidation/InvalidFormatTestSuite.InValidTest/"key3 = [1;2;3]"
73/80 Test: ArrayValueValidation/InvalidFormatTestSuite.InValidTest/"key3 = [1;2;3]"
Command: "/home/yaroslav/pizh2312_petrischev/labwork6/build/tests/parser_tests" "--gtest_filter=ArrayValueValidation/InvalidFormatTestSuite.InValidTest/2" "--gtest_also_run_disabled_tests"
Directory: /home/yaroslav/pizh2312_petrischev/labwork6/build/tests
"ArrayValueValidation/InvalidFormatTestSuite.InValidTest/"key3 = [1;2;3]"" start time: May 06 18:45 MSK
Output:
----------------------------------------------------------
Running main() from /home/yaroslav/pizh2312_petrischev/labwork6/build/_deps/googletest-src/googletest/src/gtest_main.cc
Note: Google Test filter = ArrayValueValidation/InvalidFormatTestSuite.InValidTest/2
[==========] Running 1 test from 1 test suite.
[----------] Global test environment set-up.
[----------] 1 test from ArrayValueValidation/InvalidFormatTestSuite
[ RUN      ] ArrayValueValidation/InvalidFormatTestSuite.InValidTest/2
[       OK ] ArrayValueValidation/InvalidFormatTestSuite.InValidTest/2 (1 ms)
[----------] 1 test from ArrayValueValidation/InvalidFormatTestSuite (1 ms total)

[----------] Global test environment tear-down
[==========] 1 test from 1 test suite ran. (1 ms total)
[  PASSED  ] 1 test.
<end of output>
Test time =   0.00 sec
----------------------------------------------------------
Test Passed.
"ArrayValueValidation/InvalidFormatTestSuite.InValidTest/"key3 = [1;2;3]"" end time: May 06 18:45 MSK
"ArrayValueValidation/InvalidFormatTestSuite.InValidTest/"key3 = [1;2;3]"" time elapsed: 00:00:00
----------------------------------------------------------

74/80 Testing: ArrayValueValidation/InvalidFormatTestSuite.InValidTest/"key4 = [1,2,3,4"
74/80 Test: ArrayValueValidation/InvalidFormatTestSuite.InValidTest/"key4 = [1,2,3,4"
Command: "/home/yaroslav/pizh2312_petrischev/labwork6/build/tests/parser_tests" "--gtest_filter=ArrayValueValidation/InvalidFormatTestSuite.InValidTest/3" "--gtest_also_run_disabled_tests"
Directory: /home/yaroslav/pizh2312_petrischev/labwork6/build/tests
"ArrayValueValidation/InvalidFormatTestSuite.InValidTest/"key4 = [1,2,3,4"" start time: May 06 18:45 MSK
Output:
----------------------------------------------------------
Running main() from /home/yaroslav/pizh2312_petrischev/labwork6/build/_deps/googletest-src/googletest/src/gtest_main.cc
Note: Google Test filter = ArrayValueValidation/InvalidFormatTestSuite.InValidTest/3
[==========] Running 1 test from 1 test suite.
[----------] Global test environment set-up.
[----------] 1 test from ArrayValueValidation/InvalidFormatTestSuite
[ RUN      ] ArrayValueValidation/InvalidFormatTestSuite.InValidTest/3
[       OK ] ArrayValueValidation/InvalidFormatTestSuite.InValidTest/3 (0 ms)
[----------] 1 test from ArrayValueValidation/InvalidFormatTestSuite (0 ms total)

[----------] Global test environment tear-down
[==========] 1 test from 1 test suite ran. (0 ms total)
[  PASSED  ] 1 test.
<end of output>
Test time =   0.00 sec
----------------------------------------------------------
Test Passed.
"ArrayValueValidation/InvalidFormatTestSuite.InValidTest/"key4 = [1,2,3,4"" end time: May 06 18:45 MSK
"ArrayValueValidation/InvalidFormatTestSuite.InValidTest/"key4 = [1,2,3,4"" time elapsed: 00:00:00
----------------------------------------------------------

75/80 Testing: ArrayValueValidation/InvalidFormatTestSuite.InValidTest/"key5 = [[1,2],[2,[3,4,5]"
75/80 Test: ArrayValueValidation/InvalidFormatTestSuite.InValidTest/"key5 = [[1,2],[2,[3,4,5]"
Command: "/home/yaroslav/pizh2312_petrischev/labwork6/build/tests/parser_tests" "--gtest_filter=ArrayValueValidation/InvalidFormatTestSuite.InValidTest/4" "--gtest_also_run_disabled_tests"
Directory: /home/yaroslav/pizh2312_petrischev/labwork6/build/tests
"ArrayValueValidation/InvalidFormatTestSuite.InValidTest/"key5 = [[1,2],[2,[3,4,5]"" start time: May 06 18:45 MSK
Output:
----------------------------------------------------------
Running main() from /home/yaroslav/pizh2312_petrischev/labwork6/build/_deps/googletest-src/googletest/src/gtest_main.cc
Note: Google Test filter = ArrayValueValidation/InvalidFormatTestSuite.InValidTest/4
[==========] Running 1 test from 1 test suite.
[----------] Global test environment set-up.
[----------] 1 test from ArrayValueValidation/InvalidFormatTestSuite
[ RUN      ] ArrayValueValidation/InvalidFormatTestSuite.InValidTest/4
[       OK ] ArrayValueValidation/InvalidFormatTestSuite.InValidTest/4 (0 ms)
[----------] 1 test from ArrayValueValidation/InvalidFormatTestSuite (0 ms total)

[----------] Global test environment tear-down
[==========] 1 test from 1 test suite ran. (0 ms total)
[  PASSED  ] 1 test.
<end of output>
Test time =   0.00 sec
----------------------------------------------------------
Test Passed.
"ArrayValueValidation/InvalidFormatTestSuite.InValidTest/"key5 = [[1,2],[2,[3,4,5]"" end time: May 06 18:45 MSK
"ArrayValueValidation/InvalidFormatTestSuite.InValidTest/"key5 = [[1,2],[2,[3,4,5]"" time elapsed: 00:00:00
----------------------------------------------------------

76/80 Testing: SectionValueValidation/InvalidFormatTestSuite.InValidTest/"[]"
76/80 Test: SectionValueValidation/InvalidFormatTestSuite.InValidTest/"[]"
Command: "/home/yaroslav/pizh2312_petrischev/labwork6/build/tests/parser_tests" "--gtest_filter=SectionValueValidation/InvalidFormatTestSuite.InValidTest/0" "--gtest_also_run_disabled_tests"
Directory: /home/yaroslav/pizh2312_petrischev/labwork6/build/tests
"SectionValueValidation/InvalidFormatTestSuite.InValidTest/"[]"" start time: May 06 18:45 MSK
Output:
----------------------------------------------------------
Running main() from /home/yaroslav/pizh2312_petrischev/labwork6/build/_deps/googletest-src/googletest/src/gtest_main.cc
Note: Google Test filter = SectionValueValidation/InvalidFormatTestSuite.InValidTest/0
[==========] Running 1 test from 1 test suite.
[----------] Global test environment set-up.
[----------] 1 test from SectionValueValidation/InvalidFormatTestSuite
[ RUN      ] SectionValueValidation/InvalidFormatTestSuite.InValidTest/0
[       OK ] SectionValueValidation/InvalidFormatTestSuite.InValidTest/0 (0 ms)
[----------] 1 test from SectionValueValidation/InvalidFormatTestSuite (0 ms total)

[----------] Global test environment tear-down
[==========] 1 test from 1 test suite ran. (0 ms total)
[  PASSED  ] 1 test.
<end of output>
Test time =   0.00 sec
----------------------------------------------------------
Test Passed.
"SectionValueValidation/InvalidFormatTestSuite.InValidTest/"[]"" end time: May 06 18:45 MSK
"SectionValueValidation/InvalidFormatTestSuite.InValidTest/"[]"" time elapsed: 00:00:00
----------------------------------------------------------

77/80 Testing: SectionValueValidation/InvalidFormatTestSuite.InValidTest/"{section-1}"
77/80 Test: SectionValueValidation/InvalidFormatTestSuite.InValidTest/"{section-1}"
Command: "/home/yaroslav/pizh2312_petrischev/labwork6/build/tests/parser_tests" "--gtest_filter=SectionValueValidation/InvalidFormatTestSuite.InValidTest/1" "--gtest_also_run_disabled_tests"
Directory: /home/yaroslav/pizh2312_petrischev/labwork6/build/tests
"SectionValueValidation/InvalidFormatTestSuite.InValidTest/"{section-1}"" start time: May 06 18:45 MSK
Output:
----------------------------------------------------------
Running main() from /home/yaroslav/pizh2312_petrischev/labwork6/build/_deps/googletest-src/googletest/src/gtest_main.cc
Note: Google Test filter = SectionValueValidation/InvalidFormatTestSuite.InValidTest/1
[==========] Running 1 test from 1 test suite.
[----------] Global test environment set-up.
[----------] 1 test from SectionValueValidation/InvalidFormatTestSuite
[ RUN      ] SectionValueValidation/InvalidFormatTestSuite.InValidTest/1
[       OK ] SectionValueValidation/InvalidFormatTestSuite.InValidTest/1 (0 ms)
[----------] 1 test from SectionValueValidation/InvalidFormatTestSuite (0 ms total)

[----------] Global test environment tear-down
[==========] 1 test from 1 test suite ran. (0 ms total)
[  PASSED  ] 1 test.
<end of output>
Test time =   0.00 sec
----------------------------------------------------------
Test Passed.
"SectionValueValidation/InvalidFormatTestSuite.InValidTest/"{section-1}"" end time: May 06 18:45 MSK
"SectionValueValidation/InvalidFormatTestSuite.InValidTest/"{section-1}"" time elapsed: 00:00:00
----------------------------------------------------------

78/80 Testing: SectionValueValidation/InvalidFormatTestSuite.InValidTest/"[section-1.]"
78/80 Test: SectionValueValidation/InvalidFormatTestSuite.InValidTest/"[section-1.]"
Command: "/home/yaroslav/pizh2312_petrischev/labwork6/build/tests/parser_tests" "--gtest_filter=SectionValueValidation/InvalidFormatTestSuite.InValidTest/2" "--gtest_also_run_disabled_tests"
Directory: /home/yaroslav/pizh2312_petrischev/labwork6/build/tests
"SectionValueValidation/InvalidFormatTestSuite.InValidTest/"[section-1.]"" start time: May 06 18:45 MSK
Output:
----------------------------------------------------------
Running main() from /home/yaroslav/pizh2312_petrischev/labwork6/build/_deps/googletest-src/googletest/src/gtest_main.cc
Note: Google Test filter = SectionValueValidation/InvalidFormatTestSuite.InValidTest/2
[==========] Running 1 test from 1 test suite.
[----------] Global test environment set-up.
[----------] 1 test from SectionValueValidation/InvalidFormatTestSuite
[ RUN      ] SectionValueValidation/InvalidFormatTestSuite.InValidTest/2
[       OK ] SectionValueValidation/InvalidFormatTestSuite.InValidTest/2 (0 ms)
[----------] 1 test from SectionValueValidation/InvalidFormatTestSuite (0 ms total)

[----------] Global test environment tear-down
[==========] 1 test from 1 test suite ran. (0 ms total)
[  PASSED  ] 1 test.
<end of output>
Test time =   0.00 sec
----------------------------------------------------------
Test Passed.
"SectionValueValidation/InvalidFormatTestSuite.InValidTest/"[section-1.]"" end time: May 06 18:45 MSK
"SectionValueValidation/InvalidFormatTestSuite.InValidTest/"[section-1.]"" time elapsed: 00:00:00
----------------------------------------------------------

79/80 Testing: SectionValueValidation/InvalidFormatTestSuite.InValidTest/"[.section-1]"
79/80 Test: SectionValueValidation/InvalidFormatTestSuite.InValidTest/"[.section-1]"
Command: "/home/yaroslav/pizh2312_petrischev/labwork6/build/tests/parser_tests" "--gtest_filter=SectionValueValidation/InvalidFormatTestSuite.InValidTest/3" "--gtest_also_run_disabled_tests"
Directory: /home/yaroslav/pizh2312_petrischev/labwork6/build/tests
"SectionValueValidation/InvalidFormatTestSuite.InValidTest/"[.section-1]"" start time: May 06 18:45 MSK
Output:
----------------------------------------------------------
Running main() from /home/yaroslav/pizh2312_petrischev/labwork6/build/_deps/googletest-src/googletest/src/gtest_main.cc
Note: Google Test filter = SectionValueValidation/InvalidFormatTestSuite.InValidTest/3
[==========] Running 1 test from 1 test suite.
[----------] Global test environment set-up.
[----------] 1 test from SectionValueValidation/InvalidFormatTestSuite
[ RUN      ] SectionValueValidation/InvalidFormatTestSuite.InValidTest/3
[       OK ] SectionValueValidation/InvalidFormatTestSuite.InValidTest/3 (0 ms)
[----------] 1 test from SectionValueValidation/InvalidFormatTestSuite (0 ms total)

[----------] Global test environment tear-down
[==========] 1 test from 1 test suite ran. (0 ms total)
[  PASSED  ] 1 test.
<end of output>
Test time =   0.00 sec
----------------------------------------------------------
Test Passed.
"SectionValueValidation/InvalidFormatTestSuite.InValidTest/"[.section-1]"" end time: May 06 18:45 MSK
"SectionValueValidation/InvalidFormatTestSuite.InValidTest/"[.section-1]"" time elapsed: 00:00:00
----------------------------------------------------------

80/80 Testing: CommentValueValidation/InvalidFormatTestSuite.InValidTest/"# comment \n newline comment"
80/80 Test: CommentValueValidation/InvalidFormatTestSuite.InValidTest/"# comment \n newline comment"
Command: "/home/yaroslav/pizh2312_petrischev/labwork6/build/tests/parser_tests" "--gtest_filter=CommentValueValidation/InvalidFormatTestSuite.InValidTest/0" "--gtest_also_run_disabled_tests"
Directory: /home/yaroslav/pizh2312_petrischev/labwork6/build/tests
"CommentValueValidation/InvalidFormatTestSuite.InValidTest/"# comment \n newline comment"" start time: May 06 18:45 MSK
Output:
----------------------------------------------------------
Running main() from /home/yaroslav/pizh2312_petrischev/labwork6/build/_deps/googletest-src/googletest/src/gtest_main.cc
Note: Google Test filter = CommentValueValidation/InvalidFormatTestSuite.InValidTest/0
[==========] Running 1 test from 1 test suite.
[----------] Global test environment set-up.
[----------] 1 test from CommentValueValidation/InvalidFormatTestSuite
[ RUN      ] CommentValueValidation/InvalidFormatTestSuite.InValidTest/0
[       OK ] CommentValueValidation/InvalidFormatTestSuite.InValidTest/0 (0 ms)
[----------] 1 test from CommentValueValidation/InvalidFormatTestSuite (0 ms total)

[----------] Global test environment tear-down
[==========] 1 test from 1 test suite ran. (0 ms total)
[  PASSED  ] 1 test.
<end of output>
Test time =   0.00 sec
----------------------------------------------------------
Test Passed.
"CommentValueValidation/InvalidFormatTestSuite.InValidTest/"# comment \n newline comment"" end time: May 06 18:45 MSK
"CommentValueValidation/InvalidFormatTestSuite.InValidTest/"# comment \n newline comment"" time elapsed: 00:00:00
----------------------------------------------------------

End testing: May 06 18:45 MSK
