Start testing: May 13 17:04 MSK
----------------------------------------------------------
1/7 Testing: UtilsTest.ReadSyncSafeInt
1/7 Test: UtilsTest.ReadSyncSafeInt
Command: "/home/yaroslav/pizh2312_petrischev/labwork7/build/tests/ID3ParserTests" "--gtest_filter=UtilsTest.ReadSyncSafeInt" "--gtest_also_run_disabled_tests"
Directory: /home/yaroslav/pizh2312_petrischev/labwork7/build/tests
"UtilsTest.ReadSyncSafeInt" start time: May 13 17:04 MSK
Output:
----------------------------------------------------------
Note: Google Test filter = UtilsTest.ReadSyncSafeInt
[==========] Running 1 test from 1 test suite.
[----------] Global test environment set-up.
[----------] 1 test from UtilsTest
[ RUN      ] UtilsTest.ReadSyncSafeInt
[       OK ] UtilsTest.ReadSyncSafeInt (0 ms)
[----------] 1 test from UtilsTest (0 ms total)

[----------] Global test environment tear-down
[==========] 1 test from 1 test suite ran. (0 ms total)
[  PASSED  ] 1 test.
<end of output>
Test time =   0.00 sec
----------------------------------------------------------
Test Passed.
"UtilsTest.ReadSyncSafeInt" end time: May 13 17:04 MSK
"UtilsTest.ReadSyncSafeInt" time elapsed: 00:00:00
----------------------------------------------------------

2/7 Testing: UtilsTest.ReadBigEndianInt
2/7 Test: UtilsTest.ReadBigEndianInt
Command: "/home/yaroslav/pizh2312_petrischev/labwork7/build/tests/ID3ParserTests" "--gtest_filter=UtilsTest.ReadBigEndianInt" "--gtest_also_run_disabled_tests"
Directory: /home/yaroslav/pizh2312_petrischev/labwork7/build/tests
"UtilsTest.ReadBigEndianInt" start time: May 13 17:04 MSK
Output:
----------------------------------------------------------
Note: Google Test filter = UtilsTest.ReadBigEndianInt
[==========] Running 1 test from 1 test suite.
[----------] Global test environment set-up.
[----------] 1 test from UtilsTest
[ RUN      ] UtilsTest.ReadBigEndianInt
[       OK ] UtilsTest.ReadBigEndianInt (0 ms)
[----------] 1 test from UtilsTest (0 ms total)

[----------] Global test environment tear-down
[==========] 1 test from 1 test suite ran. (0 ms total)
[  PASSED  ] 1 test.
<end of output>
Test time =   0.00 sec
----------------------------------------------------------
Test Passed.
"UtilsTest.ReadBigEndianInt" end time: May 13 17:04 MSK
"UtilsTest.ReadBigEndianInt" time elapsed: 00:00:00
----------------------------------------------------------

3/7 Testing: UtilsTest.ReadBytesAsString
3/7 Test: UtilsTest.ReadBytesAsString
Command: "/home/yaroslav/pizh2312_petrischev/labwork7/build/tests/ID3ParserTests" "--gtest_filter=UtilsTest.ReadBytesAsString" "--gtest_also_run_disabled_tests"
Directory: /home/yaroslav/pizh2312_petrischev/labwork7/build/tests
"UtilsTest.ReadBytesAsString" start time: May 13 17:04 MSK
Output:
----------------------------------------------------------
Note: Google Test filter = UtilsTest.ReadBytesAsString
[==========] Running 1 test from 1 test suite.
[----------] Global test environment set-up.
[----------] 1 test from UtilsTest
[ RUN      ] UtilsTest.ReadBytesAsString
[       OK ] UtilsTest.ReadBytesAsString (0 ms)
[----------] 1 test from UtilsTest (0 ms total)

[----------] Global test environment tear-down
[==========] 1 test from 1 test suite ran. (0 ms total)
[  PASSED  ] 1 test.
<end of output>
Test time =   0.00 sec
----------------------------------------------------------
Test Passed.
"UtilsTest.ReadBytesAsString" end time: May 13 17:04 MSK
"UtilsTest.ReadBytesAsString" time elapsed: 00:00:00
----------------------------------------------------------

4/7 Testing: FrameFactoryTest.CreateUnknownFrame
4/7 Test: FrameFactoryTest.CreateUnknownFrame
Command: "/home/yaroslav/pizh2312_petrischev/labwork7/build/tests/ID3ParserTests" "--gtest_filter=FrameFactoryTest.CreateUnknownFrame" "--gtest_also_run_disabled_tests"
Directory: /home/yaroslav/pizh2312_petrischev/labwork7/build/tests
"FrameFactoryTest.CreateUnknownFrame" start time: May 13 17:04 MSK
Output:
----------------------------------------------------------
Note: Google Test filter = FrameFactoryTest.CreateUnknownFrame
[==========] Running 1 test from 1 test suite.
[----------] Global test environment set-up.
[----------] 1 test from FrameFactoryTest
[ RUN      ] FrameFactoryTest.CreateUnknownFrame
[       OK ] FrameFactoryTest.CreateUnknownFrame (0 ms)
[----------] 1 test from FrameFactoryTest (0 ms total)

[----------] Global test environment tear-down
[==========] 1 test from 1 test suite ran. (0 ms total)
[  PASSED  ] 1 test.
<end of output>
Test time =   0.00 sec
----------------------------------------------------------
Test Passed.
"FrameFactoryTest.CreateUnknownFrame" end time: May 13 17:04 MSK
"FrameFactoryTest.CreateUnknownFrame" time elapsed: 00:00:00
----------------------------------------------------------

5/7 Testing: TextFrameTest.ParseAndPrintViaFactory
5/7 Test: TextFrameTest.ParseAndPrintViaFactory
Command: "/home/yaroslav/pizh2312_petrischev/labwork7/build/tests/ID3ParserTests" "--gtest_filter=TextFrameTest.ParseAndPrintViaFactory" "--gtest_also_run_disabled_tests"
Directory: /home/yaroslav/pizh2312_petrischev/labwork7/build/tests
"TextFrameTest.ParseAndPrintViaFactory" start time: May 13 17:04 MSK
Output:
----------------------------------------------------------
Note: Google Test filter = TextFrameTest.ParseAndPrintViaFactory
[==========] Running 1 test from 1 test suite.
[----------] Global test environment set-up.
[----------] 1 test from TextFrameTest
[ RUN      ] TextFrameTest.ParseAndPrintViaFactory
[       OK ] TextFrameTest.ParseAndPrintViaFactory (0 ms)
[----------] 1 test from TextFrameTest (0 ms total)

[----------] Global test environment tear-down
[==========] 1 test from 1 test suite ran. (0 ms total)
[  PASSED  ] 1 test.
<end of output>
Test time =   0.00 sec
----------------------------------------------------------
Test Passed.
"TextFrameTest.ParseAndPrintViaFactory" end time: May 13 17:04 MSK
"TextFrameTest.ParseAndPrintViaFactory" time elapsed: 00:00:00
----------------------------------------------------------

6/7 Testing: ParseID3Test.NonID3Header
6/7 Test: ParseID3Test.NonID3Header
Command: "/home/yaroslav/pizh2312_petrischev/labwork7/build/tests/ID3ParserTests" "--gtest_filter=ParseID3Test.NonID3Header" "--gtest_also_run_disabled_tests"
Directory: /home/yaroslav/pizh2312_petrischev/labwork7/build/tests
"ParseID3Test.NonID3Header" start time: May 13 17:04 MSK
Output:
----------------------------------------------------------
Note: Google Test filter = ParseID3Test.NonID3Header
[==========] Running 1 test from 1 test suite.
[----------] Global test environment set-up.
[----------] 1 test from ParseID3Test
[ RUN      ] ParseID3Test.NonID3Header
[       OK ] ParseID3Test.NonID3Header (0 ms)
[----------] 1 test from ParseID3Test (0 ms total)

[----------] Global test environment tear-down
[==========] 1 test from 1 test suite ran. (0 ms total)
[  PASSED  ] 1 test.
<end of output>
Test time =   0.00 sec
----------------------------------------------------------
Test Passed.
"ParseID3Test.NonID3Header" end time: May 13 17:04 MSK
"ParseID3Test.NonID3Header" time elapsed: 00:00:00
----------------------------------------------------------

7/7 Testing: ParseID3Test.SimpleTag
7/7 Test: ParseID3Test.SimpleTag
Command: "/home/yaroslav/pizh2312_petrischev/labwork7/build/tests/ID3ParserTests" "--gtest_filter=ParseID3Test.SimpleTag" "--gtest_also_run_disabled_tests"
Directory: /home/yaroslav/pizh2312_petrischev/labwork7/build/tests
"ParseID3Test.SimpleTag" start time: May 13 17:04 MSK
Output:
----------------------------------------------------------
Note: Google Test filter = ParseID3Test.SimpleTag
[==========] Running 1 test from 1 test suite.
[----------] Global test environment set-up.
[----------] 1 test from ParseID3Test
[ RUN      ] ParseID3Test.SimpleTag
[       OK ] ParseID3Test.SimpleTag (0 ms)
[----------] 1 test from ParseID3Test (0 ms total)

[----------] Global test environment tear-down
[==========] 1 test from 1 test suite ran. (0 ms total)
[  PASSED  ] 1 test.
<end of output>
Test time =   0.00 sec
----------------------------------------------------------
Test Passed.
"ParseID3Test.SimpleTag" end time: May 13 17:04 MSK
"ParseID3Test.SimpleTag" time elapsed: 00:00:00
----------------------------------------------------------

End testing: May 13 17:04 MSK
