Start testing: May 14 15:21 MSK
----------------------------------------------------------
1/9 Testing: BinarySearchTreeTest.EmptyTree
1/9 Test: BinarySearchTreeTest.EmptyTree
Command: "/home/yaroslav/pizh2312_petrischev/labwork8/build/tests/test_bst" "--gtest_filter=BinarySearchTreeTest.EmptyTree" "--gtest_also_run_disabled_tests"
Directory: /home/yaroslav/pizh2312_petrischev/labwork8/build/tests
"BinarySearchTreeTest.EmptyTree" start time: May 14 15:21 MSK
Output:
----------------------------------------------------------
Note: Google Test filter = BinarySearchTreeTest.EmptyTree
[==========] Running 1 test from 1 test suite.
[----------] Global test environment set-up.
[----------] 1 test from BinarySearchTreeTest
[ RUN      ] BinarySearchTreeTest.EmptyTree
[       OK ] BinarySearchTreeTest.EmptyTree (0 ms)
[----------] 1 test from BinarySearchTreeTest (0 ms total)

[----------] Global test environment tear-down
[==========] 1 test from 1 test suite ran. (0 ms total)
[  PASSED  ] 1 test.
<end of output>
Test time =   0.00 sec
----------------------------------------------------------
Test Passed.
"BinarySearchTreeTest.EmptyTree" end time: May 14 15:21 MSK
"BinarySearchTreeTest.EmptyTree" time elapsed: 00:00:00
----------------------------------------------------------

2/9 Testing: BinarySearchTreeTest.InsertAndFind
2/9 Test: BinarySearchTreeTest.InsertAndFind
Command: "/home/yaroslav/pizh2312_petrischev/labwork8/build/tests/test_bst" "--gtest_filter=BinarySearchTreeTest.InsertAndFind" "--gtest_also_run_disabled_tests"
Directory: /home/yaroslav/pizh2312_petrischev/labwork8/build/tests
"BinarySearchTreeTest.InsertAndFind" start time: May 14 15:21 MSK
Output:
----------------------------------------------------------
Note: Google Test filter = BinarySearchTreeTest.InsertAndFind
[==========] Running 1 test from 1 test suite.
[----------] Global test environment set-up.
[----------] 1 test from BinarySearchTreeTest
[ RUN      ] BinarySearchTreeTest.InsertAndFind
[       OK ] BinarySearchTreeTest.InsertAndFind (0 ms)
[----------] 1 test from BinarySearchTreeTest (0 ms total)

[----------] Global test environment tear-down
[==========] 1 test from 1 test suite ran. (0 ms total)
[  PASSED  ] 1 test.
<end of output>
Test time =   0.00 sec
----------------------------------------------------------
Test Passed.
"BinarySearchTreeTest.InsertAndFind" end time: May 14 15:21 MSK
"BinarySearchTreeTest.InsertAndFind" time elapsed: 00:00:00
----------------------------------------------------------

3/9 Testing: BinarySearchTreeTest.InOrderTraversal
3/9 Test: BinarySearchTreeTest.InOrderTraversal
Command: "/home/yaroslav/pizh2312_petrischev/labwork8/build/tests/test_bst" "--gtest_filter=BinarySearchTreeTest.InOrderTraversal" "--gtest_also_run_disabled_tests"
Directory: /home/yaroslav/pizh2312_petrischev/labwork8/build/tests
"BinarySearchTreeTest.InOrderTraversal" start time: May 14 15:21 MSK
Output:
----------------------------------------------------------
Note: Google Test filter = BinarySearchTreeTest.InOrderTraversal
[==========] Running 1 test from 1 test suite.
[----------] Global test environment set-up.
[----------] 1 test from BinarySearchTreeTest
[ RUN      ] BinarySearchTreeTest.InOrderTraversal
[       OK ] BinarySearchTreeTest.InOrderTraversal (0 ms)
[----------] 1 test from BinarySearchTreeTest (0 ms total)

[----------] Global test environment tear-down
[==========] 1 test from 1 test suite ran. (0 ms total)
[  PASSED  ] 1 test.
<end of output>
Test time =   0.00 sec
----------------------------------------------------------
Test Passed.
"BinarySearchTreeTest.InOrderTraversal" end time: May 14 15:21 MSK
"BinarySearchTreeTest.InOrderTraversal" time elapsed: 00:00:00
----------------------------------------------------------

4/9 Testing: BinarySearchTreeTest.PreOrderTraversal
4/9 Test: BinarySearchTreeTest.PreOrderTraversal
Command: "/home/yaroslav/pizh2312_petrischev/labwork8/build/tests/test_bst" "--gtest_filter=BinarySearchTreeTest.PreOrderTraversal" "--gtest_also_run_disabled_tests"
Directory: /home/yaroslav/pizh2312_petrischev/labwork8/build/tests
"BinarySearchTreeTest.PreOrderTraversal" start time: May 14 15:21 MSK
Output:
----------------------------------------------------------
Note: Google Test filter = BinarySearchTreeTest.PreOrderTraversal
[==========] Running 1 test from 1 test suite.
[----------] Global test environment set-up.
[----------] 1 test from BinarySearchTreeTest
[ RUN      ] BinarySearchTreeTest.PreOrderTraversal
[       OK ] BinarySearchTreeTest.PreOrderTraversal (0 ms)
[----------] 1 test from BinarySearchTreeTest (0 ms total)

[----------] Global test environment tear-down
[==========] 1 test from 1 test suite ran. (0 ms total)
[  PASSED  ] 1 test.
<end of output>
Test time =   0.00 sec
----------------------------------------------------------
Test Passed.
"BinarySearchTreeTest.PreOrderTraversal" end time: May 14 15:21 MSK
"BinarySearchTreeTest.PreOrderTraversal" time elapsed: 00:00:00
----------------------------------------------------------

5/9 Testing: BinarySearchTreeTest.PostOrderTraversal
5/9 Test: BinarySearchTreeTest.PostOrderTraversal
Command: "/home/yaroslav/pizh2312_petrischev/labwork8/build/tests/test_bst" "--gtest_filter=BinarySearchTreeTest.PostOrderTraversal" "--gtest_also_run_disabled_tests"
Directory: /home/yaroslav/pizh2312_petrischev/labwork8/build/tests
"BinarySearchTreeTest.PostOrderTraversal" start time: May 14 15:21 MSK
Output:
----------------------------------------------------------
Note: Google Test filter = BinarySearchTreeTest.PostOrderTraversal
[==========] Running 1 test from 1 test suite.
[----------] Global test environment set-up.
[----------] 1 test from BinarySearchTreeTest
[ RUN      ] BinarySearchTreeTest.PostOrderTraversal
[       OK ] BinarySearchTreeTest.PostOrderTraversal (0 ms)
[----------] 1 test from BinarySearchTreeTest (0 ms total)

[----------] Global test environment tear-down
[==========] 1 test from 1 test suite ran. (0 ms total)
[  PASSED  ] 1 test.
<end of output>
Test time =   0.00 sec
----------------------------------------------------------
Test Passed.
"BinarySearchTreeTest.PostOrderTraversal" end time: May 14 15:21 MSK
"BinarySearchTreeTest.PostOrderTraversal" time elapsed: 00:00:00
----------------------------------------------------------

6/9 Testing: BinarySearchTreeTest.EraseLeafNode
6/9 Test: BinarySearchTreeTest.EraseLeafNode
Command: "/home/yaroslav/pizh2312_petrischev/labwork8/build/tests/test_bst" "--gtest_filter=BinarySearchTreeTest.EraseLeafNode" "--gtest_also_run_disabled_tests"
Directory: /home/yaroslav/pizh2312_petrischev/labwork8/build/tests
"BinarySearchTreeTest.EraseLeafNode" start time: May 14 15:21 MSK
Output:
----------------------------------------------------------
Note: Google Test filter = BinarySearchTreeTest.EraseLeafNode
[==========] Running 1 test from 1 test suite.
[----------] Global test environment set-up.
[----------] 1 test from BinarySearchTreeTest
[ RUN      ] BinarySearchTreeTest.EraseLeafNode
[       OK ] BinarySearchTreeTest.EraseLeafNode (0 ms)
[----------] 1 test from BinarySearchTreeTest (0 ms total)

[----------] Global test environment tear-down
[==========] 1 test from 1 test suite ran. (0 ms total)
[  PASSED  ] 1 test.
<end of output>
Test time =   0.00 sec
----------------------------------------------------------
Test Passed.
"BinarySearchTreeTest.EraseLeafNode" end time: May 14 15:21 MSK
"BinarySearchTreeTest.EraseLeafNode" time elapsed: 00:00:00
----------------------------------------------------------

7/9 Testing: BinarySearchTreeTest.EraseNodeWithOneChild
7/9 Test: BinarySearchTreeTest.EraseNodeWithOneChild
Command: "/home/yaroslav/pizh2312_petrischev/labwork8/build/tests/test_bst" "--gtest_filter=BinarySearchTreeTest.EraseNodeWithOneChild" "--gtest_also_run_disabled_tests"
Directory: /home/yaroslav/pizh2312_petrischev/labwork8/build/tests
"BinarySearchTreeTest.EraseNodeWithOneChild" start time: May 14 15:21 MSK
Output:
----------------------------------------------------------
Note: Google Test filter = BinarySearchTreeTest.EraseNodeWithOneChild
[==========] Running 1 test from 1 test suite.
[----------] Global test environment set-up.
[----------] 1 test from BinarySearchTreeTest
[ RUN      ] BinarySearchTreeTest.EraseNodeWithOneChild
[       OK ] BinarySearchTreeTest.EraseNodeWithOneChild (0 ms)
[----------] 1 test from BinarySearchTreeTest (0 ms total)

[----------] Global test environment tear-down
[==========] 1 test from 1 test suite ran. (0 ms total)
[  PASSED  ] 1 test.
<end of output>
Test time =   0.00 sec
----------------------------------------------------------
Test Passed.
"BinarySearchTreeTest.EraseNodeWithOneChild" end time: May 14 15:21 MSK
"BinarySearchTreeTest.EraseNodeWithOneChild" time elapsed: 00:00:00
----------------------------------------------------------

8/9 Testing: BinarySearchTreeTest.EraseNodeWithTwoChildren
8/9 Test: BinarySearchTreeTest.EraseNodeWithTwoChildren
Command: "/home/yaroslav/pizh2312_petrischev/labwork8/build/tests/test_bst" "--gtest_filter=BinarySearchTreeTest.EraseNodeWithTwoChildren" "--gtest_also_run_disabled_tests"
Directory: /home/yaroslav/pizh2312_petrischev/labwork8/build/tests
"BinarySearchTreeTest.EraseNodeWithTwoChildren" start time: May 14 15:21 MSK
Output:
----------------------------------------------------------
Note: Google Test filter = BinarySearchTreeTest.EraseNodeWithTwoChildren
[==========] Running 1 test from 1 test suite.
[----------] Global test environment set-up.
[----------] 1 test from BinarySearchTreeTest
[ RUN      ] BinarySearchTreeTest.EraseNodeWithTwoChildren
[       OK ] BinarySearchTreeTest.EraseNodeWithTwoChildren (0 ms)
[----------] 1 test from BinarySearchTreeTest (0 ms total)

[----------] Global test environment tear-down
[==========] 1 test from 1 test suite ran. (0 ms total)
[  PASSED  ] 1 test.
<end of output>
Test time =   0.00 sec
----------------------------------------------------------
Test Passed.
"BinarySearchTreeTest.EraseNodeWithTwoChildren" end time: May 14 15:21 MSK
"BinarySearchTreeTest.EraseNodeWithTwoChildren" time elapsed: 00:00:00
----------------------------------------------------------

9/9 Testing: BinarySearchTreeTest.Clear
9/9 Test: BinarySearchTreeTest.Clear
Command: "/home/yaroslav/pizh2312_petrischev/labwork8/build/tests/test_bst" "--gtest_filter=BinarySearchTreeTest.Clear" "--gtest_also_run_disabled_tests"
Directory: /home/yaroslav/pizh2312_petrischev/labwork8/build/tests
"BinarySearchTreeTest.Clear" start time: May 14 15:21 MSK
Output:
----------------------------------------------------------
Note: Google Test filter = BinarySearchTreeTest.Clear
[==========] Running 1 test from 1 test suite.
[----------] Global test environment set-up.
[----------] 1 test from BinarySearchTreeTest
[ RUN      ] BinarySearchTreeTest.Clear
[       OK ] BinarySearchTreeTest.Clear (0 ms)
[----------] 1 test from BinarySearchTreeTest (0 ms total)

[----------] Global test environment tear-down
[==========] 1 test from 1 test suite ran. (0 ms total)
[  PASSED  ] 1 test.
<end of output>
Test time =   0.00 sec
----------------------------------------------------------
Test Passed.
"BinarySearchTreeTest.Clear" end time: May 14 15:21 MSK
"BinarySearchTreeTest.Clear" time elapsed: 00:00:00
----------------------------------------------------------

End testing: May 14 15:21 MSK
